The system is: Darwin - 10.2.0 - i386
Compiling the C compiler identification source file "CMakeCCompilerId.c" succeeded.
Compiler: /usr/bin/gcc 
Build flags: 
Id flags: 

The output was:
0


Compilation of the C compiler identification source "CMakeCCompilerId.c" produced "a.out"

The C compiler identification is GNU, found in "/Users/syco/Packages/PlayerPiano/contrib/pianobar/build/CMakeFiles/CompilerIdC/a.out"

Determining if the C compiler works passed with the following output:
Change Dir: /Users/syco/Packages/PlayerPiano/contrib/pianobar/build/CMakeFiles/CMakeTmp

Run Build Command:/Applications/CMake\ 2.8-0.app/Contents/bin/cmakexbuild -project CMAKE_TRY_COMPILE.xcodeproj build -target cmTryCompileExec -configuration Debug

=== BUILD NATIVE TARGET cmTryCompileExec OF PROJECT CMAKE_TRY_COMPILE WITH CONFIGURATION Debug ===
Check dependencies
PhaseScriptExecution "CMake ReRun" CMAKE_TRY_COMPILE.build/Debug/cmTryCompileExec.build/Script-11EF94011EF94011EF940000.sh
    cd /Users/syco/Packages/PlayerPiano/contrib/pianobar/build/CMakeFiles/CMakeTmp
    /bin/sh -c /Users/syco/Packages/PlayerPiano/contrib/pianobar/build/CMakeFiles/CMakeTmp/CMAKE_TRY_COMPILE.build/Debug/cmTryCompileExec.build/Script-11EF94011EF94011EF940000.sh

make: `CMakeFiles/cmake.check_cache' is up to date.
CompileC CMAKE_TRY_COMPILE.build/Debug/cmTryCompileExec.build/Objects-normal/x86_64/testCCompiler.o testCCompiler.c normal x86_64 c com.apple.compilers.gcc.4_2
    cd /Users/syco/Packages/PlayerPiano/contrib/pianobar/build/CMakeFiles/CMakeTmp
    /Developer-iPhone/usr/bin/gcc-4.2 -x c -arch x86_64 -fmessage-length=0 -pipe -Wno-trigraphs -fpascal-strings -fasm-blocks -O0 -mdynamic-no-pic -DCMAKE_INTDIR="Debug" -isysroot /Developer/SDKs/MacOSX10.6.sdk -mmacosx-version-min=10.6 -gdwarf-2 -Wmost -Wno-four-char-constants -Wno-unknown-pragmas -F/Users/syco/Packages/PlayerPiano/contrib/pianobar/build/CMakeFiles/CMakeTmp/Debug -I/Users/syco/Packages/PlayerPiano/contrib/pianobar/build/CMakeFiles/CMakeTmp/Debug/include -I/Users/syco/Packages/PlayerPiano/contrib/pianobar/build/CMakeFiles/CMakeTmp/CMAKE_TRY_COMPILE.build/Debug/cmTryCompileExec.build/DerivedSources/x86_64 -I/Users/syco/Packages/PlayerPiano/contrib/pianobar/build/CMakeFiles/CMakeTmp/CMAKE_TRY_COMPILE.build/Debug/cmTryCompileExec.build/DerivedSources -c /Users/syco/Packages/PlayerPiano/contrib/pianobar/build/CMakeFiles/CMakeTmp/testCCompiler.c -o /Users/syco/Packages/PlayerPiano/contrib/pianobar/build/CMakeFiles/CMakeTmp/CMAKE_TRY_COMPILE.build/Debug/cmTryCompileExec.build/Objects-normal/x86_64/testCCompiler.o

Ld Debug/cmTryCompileExec normal x86_64
    cd /Users/syco/Packages/PlayerPiano/contrib/pianobar/build/CMakeFiles/CMakeTmp
    /Developer-iPhone/usr/bin/gcc-4.2 -arch x86_64 -isysroot /Developer/SDKs/MacOSX10.6.sdk -L/Users/syco/Packages/PlayerPiano/contrib/pianobar/build/CMakeFiles/CMakeTmp/Debug -F/Users/syco/Packages/PlayerPiano/contrib/pianobar/build/CMakeFiles/CMakeTmp/Debug -filelist /Users/syco/Packages/PlayerPiano/contrib/pianobar/build/CMakeFiles/CMakeTmp/CMAKE_TRY_COMPILE.build/Debug/cmTryCompileExec.build/Objects-normal/x86_64/cmTryCompileExec.LinkFileList -mmacosx-version-min=10.6 -Wl,-search_paths_first -headerpad_max_install_names -o /Users/syco/Packages/PlayerPiano/contrib/pianobar/build/CMakeFiles/CMakeTmp/Debug/cmTryCompileExec

PhaseScriptExecution "CMake PostBuild Rules" CMAKE_TRY_COMPILE.build/Debug/cmTryCompileExec.build/Script-11C062011C062011C0620000.sh
    cd /Users/syco/Packages/PlayerPiano/contrib/pianobar/build/CMakeFiles/CMakeTmp
    /bin/sh -c /Users/syco/Packages/PlayerPiano/contrib/pianobar/build/CMakeFiles/CMakeTmp/CMAKE_TRY_COMPILE.build/Debug/cmTryCompileExec.build/Script-11C062011C062011C0620000.sh

echo "Depend check for xcode"
Depend check for xcode
cd /Users/syco/Packages/PlayerPiano/contrib/pianobar/build/CMakeFiles/CMakeTmp && make -C /Users/syco/Packages/PlayerPiano/contrib/pianobar/build/CMakeFiles/CMakeTmp -f /Users/syco/Packages/PlayerPiano/contrib/pianobar/build/CMakeFiles/CMakeTmp/CMakeScripts/XCODE_DEPEND_HELPER.make all.Debug
make[1]: Nothing to be done for `all.Debug'.
** BUILD SUCCEEDED **



Detecting C compiler ABI info compiled with the following output:
Change Dir: /Users/syco/Packages/PlayerPiano/contrib/pianobar/build/CMakeFiles/CMakeTmp

Run Build Command:/Applications/CMake\ 2.8-0.app/Contents/bin/cmakexbuild -project CMAKE_TRY_COMPILE.xcodeproj build -target cmTryCompileExec -configuration Debug

=== BUILD NATIVE TARGET cmTryCompileExec OF PROJECT CMAKE_TRY_COMPILE WITH CONFIGURATION Debug ===
Check dependencies
PhaseScriptExecution "CMake ReRun" CMAKE_TRY_COMPILE.build/Debug/cmTryCompileExec.build/Script-23C56CA023C56CA023C56CA0.sh
    cd /Users/syco/Packages/PlayerPiano/contrib/pianobar/build/CMakeFiles/CMakeTmp
    /bin/sh -c /Users/syco/Packages/PlayerPiano/contrib/pianobar/build/CMakeFiles/CMakeTmp/CMAKE_TRY_COMPILE.build/Debug/cmTryCompileExec.build/Script-23C56CA023C56CA023C56CA0.sh

make: `CMakeFiles/cmake.check_cache' is up to date.
CompileC CMAKE_TRY_COMPILE.build/Debug/cmTryCompileExec.build/Objects-normal/x86_64/CMakeCCompilerABI.o "../../../../../../../../../Applications/CMake 2.8-0.app/Contents/share/cmake-2.8/Modules/CMakeCCompilerABI.c" normal x86_64 c com.apple.compilers.gcc.4_2
    cd /Users/syco/Packages/PlayerPiano/contrib/pianobar/build/CMakeFiles/CMakeTmp
    /Developer-iPhone/usr/bin/gcc-4.2 -x c -arch x86_64 -fmessage-length=0 -pipe -Wno-trigraphs -fpascal-strings -fasm-blocks -O0 -mdynamic-no-pic -DCMAKE_INTDIR="Debug" -isysroot /Developer/SDKs/MacOSX10.6.sdk -mmacosx-version-min=10.6 -gdwarf-2 -Wmost -Wno-four-char-constants -Wno-unknown-pragmas -F/Users/syco/Packages/PlayerPiano/contrib/pianobar/build/CMakeFiles/CMakeTmp/Debug -I/Users/syco/Packages/PlayerPiano/contrib/pianobar/build/CMakeFiles/CMakeTmp/Debug/include -I/Users/syco/Packages/PlayerPiano/contrib/pianobar/build/CMakeFiles/CMakeTmp/CMAKE_TRY_COMPILE.build/Debug/cmTryCompileExec.build/DerivedSources/x86_64 -I/Users/syco/Packages/PlayerPiano/contrib/pianobar/build/CMakeFiles/CMakeTmp/CMAKE_TRY_COMPILE.build/Debug/cmTryCompileExec.build/DerivedSources -c "/Users/syco/Packages/PlayerPiano/contrib/pianobar/build/CMakeFiles/CMakeTmp/../../../../../../../../../Applications/CMake 2.8-0.app/Contents/share/cmake-2.8/Modules/CMakeCCompilerABI.c" -o /Users/syco/Packages/PlayerPiano/contrib/pianobar/build/CMakeFiles/CMakeTmp/CMAKE_TRY_COMPILE.build/Debug/cmTryCompileExec.build/Objects-normal/x86_64/CMakeCCompilerABI.o

Ld Debug/cmTryCompileExec normal x86_64
    cd /Users/syco/Packages/PlayerPiano/contrib/pianobar/build/CMakeFiles/CMakeTmp
    /Developer-iPhone/usr/bin/gcc-4.2 -arch x86_64 -isysroot /Developer/SDKs/MacOSX10.6.sdk -L/Users/syco/Packages/PlayerPiano/contrib/pianobar/build/CMakeFiles/CMakeTmp/Debug -F/Users/syco/Packages/PlayerPiano/contrib/pianobar/build/CMakeFiles/CMakeTmp/Debug -filelist /Users/syco/Packages/PlayerPiano/contrib/pianobar/build/CMakeFiles/CMakeTmp/CMAKE_TRY_COMPILE.build/Debug/cmTryCompileExec.build/Objects-normal/x86_64/cmTryCompileExec.LinkFileList -mmacosx-version-min=10.6 -v -Wl,-search_paths_first -headerpad_max_install_names -o /Users/syco/Packages/PlayerPiano/contrib/pianobar/build/CMakeFiles/CMakeTmp/Debug/cmTryCompileExec

Using built-in specs.
Target: i686-apple-darwin10
Configured with: /var/tmp/gcc/gcc-5659~39/src/configure --disable-checking --enable-werror --prefix=/usr --mandir=/share/man --enable-languages=c,objc,c++,obj-c++ --program-transform-name=/^[cg][^.-]*$/s/$/-4.2/ --with-slibdir=/usr/lib --build=i686-apple-darwin10 --program-prefix=i686-apple-darwin10- --host=x86_64-apple-darwin10 --target=i686-apple-darwin10 --with-gxx-include-dir=/include/c++/4.2.1
Thread model: posix
gcc version 4.2.1 (Apple Inc. build 5659)
 /Developer-iPhone/usr/bin/../libexec/gcc/i686-apple-darwin10/4.2.1/collect2 -dynamic -arch x86_64 -headerpad_max_install_names -macosx_version_min 10.6 -syslibroot /Developer/SDKs/MacOSX10.6.sdk -weak_reference_mismatches non-weak -o /Users/syco/Packages/PlayerPiano/contrib/pianobar/build/CMakeFiles/CMakeTmp/Debug/cmTryCompileExec -lcrt1.10.6.o -L/Users/syco/Packages/PlayerPiano/contrib/pianobar/build/CMakeFiles/CMakeTmp/Debug -L/Developer-iPhone/usr/bin/../lib/gcc/i686-apple-darwin10/4.2.1/x86_64 -L/usr/lib/gcc/i686-apple-darwin10/4.2.1/x86_64 -L/usr/lib/gcc/i686-apple-darwin10/4.2.1/x86_64 -L/Developer/SDKs/MacOSX10.6.sdk/usr/lib/i686-apple-darwin10/4.2.1 -L/Developer/SDKs/MacOSX10.6.sdk/usr/lib -L/Developer-iPhone/usr/bin/../lib/gcc/i686-apple-darwin10/4.2.1 -L/Developer-iPhone/usr/bin/../lib/gcc -L/usr/lib/gcc/i686-apple-darwin10/4.2.1 -L/usr/lib/gcc/i686-apple-darwin10/4.2.1 -L/Developer-iPhone/usr/bin/../lib/gcc/i686-apple-darwin10/4.2.1/../../../i686-apple-darwin10/4.2.1 -L/Developer-iPhone/usr/bin/../lib/gcc/i686-apple-darwin10/4.2.1/../../.. -L/Developer/SDKs/MacOSX10.6.sdk/usr/lib/gcc/i686-apple-darwin10/4.2.1/../../../i686-apple-darwin10/4.2.1 -L/Developer/SDKs/MacOSX10.6.sdk/usr/lib/gcc/i686-apple-darwin10/4.2.1/../../.. -filelist /Users/syco/Packages/PlayerPiano/contrib/pianobar/build/CMakeFiles/CMakeTmp/CMAKE_TRY_COMPILE.build/Debug/cmTryCompileExec.build/Objects-normal/x86_64/cmTryCompileExec.LinkFileList -search_paths_first -lSystem -lgcc -lSystem -F/Users/syco/Packages/PlayerPiano/contrib/pianobar/build/CMakeFiles/CMakeTmp/Debug
PhaseScriptExecution "CMake PostBuild Rules" CMAKE_TRY_COMPILE.build/Debug/cmTryCompileExec.build/Script-23C5691023C5691023C56910.sh
    cd /Users/syco/Packages/PlayerPiano/contrib/pianobar/build/CMakeFiles/CMakeTmp
    /bin/sh -c /Users/syco/Packages/PlayerPiano/contrib/pianobar/build/CMakeFiles/CMakeTmp/CMAKE_TRY_COMPILE.build/Debug/cmTryCompileExec.build/Script-23C5691023C5691023C56910.sh

echo "Depend check for xcode"
Depend check for xcode
cd /Users/syco/Packages/PlayerPiano/contrib/pianobar/build/CMakeFiles/CMakeTmp && make -C /Users/syco/Packages/PlayerPiano/contrib/pianobar/build/CMakeFiles/CMakeTmp -f /Users/syco/Packages/PlayerPiano/contrib/pianobar/build/CMakeFiles/CMakeTmp/CMakeScripts/XCODE_DEPEND_HELPER.make all.Debug
make[1]: Nothing to be done for `all.Debug'.
** BUILD SUCCEEDED **



Determining if the function connect exists passed with the following output:
Change Dir: /Users/syco/Packages/PlayerPiano/contrib/pianobar/build/CMakeFiles/CMakeTmp

Run Build Command:/Applications/CMake\ 2.8-0.app/Contents/bin/cmakexbuild -project CMAKE_TRY_COMPILE.xcodeproj build -target cmTryCompileExec -configuration Debug

=== BUILD NATIVE TARGET cmTryCompileExec OF PROJECT CMAKE_TRY_COMPILE WITH CONFIGURATION Debug ===
Check dependencies
PhaseScriptExecution "CMake ReRun" CMAKE_TRY_COMPILE.build/Debug/cmTryCompileExec.build/Script-23C1ED9023C1ED9023C1ED90.sh
    cd /Users/syco/Packages/PlayerPiano/contrib/pianobar/build/CMakeFiles/CMakeTmp
    /bin/sh -c /Users/syco/Packages/PlayerPiano/contrib/pianobar/build/CMakeFiles/CMakeTmp/CMAKE_TRY_COMPILE.build/Debug/cmTryCompileExec.build/Script-23C1ED9023C1ED9023C1ED90.sh

make: `CMakeFiles/cmake.check_cache' is up to date.
CompileC CMAKE_TRY_COMPILE.build/Debug/cmTryCompileExec.build/Objects-normal/x86_64/CheckFunctionExists.o "../../../../../../../../../Applications/CMake 2.8-0.app/Contents/share/cmake-2.8/Modules/CheckFunctionExists.c" normal x86_64 c com.apple.compilers.gcc.4_2
    cd /Users/syco/Packages/PlayerPiano/contrib/pianobar/build/CMakeFiles/CMakeTmp
    /Developer-iPhone/usr/bin/gcc-4.2 -x c -arch x86_64 -fmessage-length=0 -pipe -Wno-trigraphs -fpascal-strings -fasm-blocks -O0 -mdynamic-no-pic -DCMAKE_INTDIR="Debug" -isysroot /Developer/SDKs/MacOSX10.6.sdk -mmacosx-version-min=10.6 -gdwarf-2 -Wmost -Wno-four-char-constants -Wno-unknown-pragmas -F/Users/syco/Packages/PlayerPiano/contrib/pianobar/build/CMakeFiles/CMakeTmp/Debug -I/Users/syco/Packages/PlayerPiano/contrib/pianobar/build/CMakeFiles/CMakeTmp/Debug/include -I/Users/syco/Packages/PlayerPiano/contrib/pianobar/build/CMakeFiles/CMakeTmp/CMAKE_TRY_COMPILE.build/Debug/cmTryCompileExec.build/DerivedSources/x86_64 -I/Users/syco/Packages/PlayerPiano/contrib/pianobar/build/CMakeFiles/CMakeTmp/CMAKE_TRY_COMPILE.build/Debug/cmTryCompileExec.build/DerivedSources -Wall -DCHECK_FUNCTION_EXISTS=connect -c "/Users/syco/Packages/PlayerPiano/contrib/pianobar/build/CMakeFiles/CMakeTmp/../../../../../../../../../Applications/CMake 2.8-0.app/Contents/share/cmake-2.8/Modules/CheckFunctionExists.c" -o /Users/syco/Packages/PlayerPiano/contrib/pianobar/build/CMakeFiles/CMakeTmp/CMAKE_TRY_COMPILE.build/Debug/cmTryCompileExec.build/Objects-normal/x86_64/CheckFunctionExists.o

Ld Debug/cmTryCompileExec normal x86_64
    cd /Users/syco/Packages/PlayerPiano/contrib/pianobar/build/CMakeFiles/CMakeTmp
    /Developer-iPhone/usr/bin/gcc-4.2 -arch x86_64 -isysroot /Developer/SDKs/MacOSX10.6.sdk -L/Users/syco/Packages/PlayerPiano/contrib/pianobar/build/CMakeFiles/CMakeTmp/Debug -F/Users/syco/Packages/PlayerPiano/contrib/pianobar/build/CMakeFiles/CMakeTmp/Debug -filelist /Users/syco/Packages/PlayerPiano/contrib/pianobar/build/CMakeFiles/CMakeTmp/CMAKE_TRY_COMPILE.build/Debug/cmTryCompileExec.build/Objects-normal/x86_64/cmTryCompileExec.LinkFileList -mmacosx-version-min=10.6 -Wl,-search_paths_first -headerpad_max_install_names -o /Users/syco/Packages/PlayerPiano/contrib/pianobar/build/CMakeFiles/CMakeTmp/Debug/cmTryCompileExec

PhaseScriptExecution "CMake PostBuild Rules" CMAKE_TRY_COMPILE.build/Debug/cmTryCompileExec.build/Script-23C1F4B023C1F4B023C1F4B0.sh
    cd /Users/syco/Packages/PlayerPiano/contrib/pianobar/build/CMakeFiles/CMakeTmp
    /bin/sh -c /Users/syco/Packages/PlayerPiano/contrib/pianobar/build/CMakeFiles/CMakeTmp/CMAKE_TRY_COMPILE.build/Debug/cmTryCompileExec.build/Script-23C1F4B023C1F4B023C1F4B0.sh

echo "Depend check for xcode"
Depend check for xcode
cd /Users/syco/Packages/PlayerPiano/contrib/pianobar/build/CMakeFiles/CMakeTmp && make -C /Users/syco/Packages/PlayerPiano/contrib/pianobar/build/CMakeFiles/CMakeTmp -f /Users/syco/Packages/PlayerPiano/contrib/pianobar/build/CMakeFiles/CMakeTmp/CMakeScripts/XCODE_DEPEND_HELPER.make all.Debug
make[1]: Nothing to be done for `all.Debug'.
** BUILD SUCCEEDED **



Determining if files pthread.h exist passed with the following output:
Change Dir: /Users/syco/Packages/PlayerPiano/contrib/pianobar/build/CMakeFiles/CMakeTmp

Run Build Command:/Applications/CMake\ 2.8-0.app/Contents/bin/cmakexbuild -project CMAKE_TRY_COMPILE.xcodeproj build -target cmTryCompileExec -configuration Debug

=== BUILD NATIVE TARGET cmTryCompileExec OF PROJECT CMAKE_TRY_COMPILE WITH CONFIGURATION Debug ===
Check dependencies
PhaseScriptExecution "CMake ReRun" CMAKE_TRY_COMPILE.build/Debug/cmTryCompileExec.build/Script-139F2B0139F2B0139F2B0000.sh
    cd /Users/syco/Packages/PlayerPiano/contrib/pianobar/build/CMakeFiles/CMakeTmp
    /bin/sh -c /Users/syco/Packages/PlayerPiano/contrib/pianobar/build/CMakeFiles/CMakeTmp/CMAKE_TRY_COMPILE.build/Debug/cmTryCompileExec.build/Script-139F2B0139F2B0139F2B0000.sh

make: `CMakeFiles/cmake.check_cache' is up to date.
CompileC CMAKE_TRY_COMPILE.build/Debug/cmTryCompileExec.build/Objects-normal/x86_64/CheckIncludeFiles.o CheckIncludeFiles.c normal x86_64 c com.apple.compilers.gcc.4_2
    cd /Users/syco/Packages/PlayerPiano/contrib/pianobar/build/CMakeFiles/CMakeTmp
    /Developer-iPhone/usr/bin/gcc-4.2 -x c -arch x86_64 -fmessage-length=0 -pipe -Wno-trigraphs -fpascal-strings -fasm-blocks -O0 -mdynamic-no-pic -DCMAKE_INTDIR="Debug" -isysroot /Developer/SDKs/MacOSX10.6.sdk -mmacosx-version-min=10.6 -gdwarf-2 -Wmost -Wno-four-char-constants -Wno-unknown-pragmas -F/Users/syco/Packages/PlayerPiano/contrib/pianobar/build/CMakeFiles/CMakeTmp/Debug -I/Users/syco/Packages/PlayerPiano/contrib/pianobar/build/CMakeFiles/CMakeTmp/Debug/include -I/Users/syco/Packages/PlayerPiano/contrib/pianobar/build/CMakeFiles/CMakeTmp/CMAKE_TRY_COMPILE.build/Debug/cmTryCompileExec.build/DerivedSources/x86_64 -I/Users/syco/Packages/PlayerPiano/contrib/pianobar/build/CMakeFiles/CMakeTmp/CMAKE_TRY_COMPILE.build/Debug/cmTryCompileExec.build/DerivedSources -Wall -c /Users/syco/Packages/PlayerPiano/contrib/pianobar/build/CMakeFiles/CMakeTmp/CheckIncludeFiles.c -o /Users/syco/Packages/PlayerPiano/contrib/pianobar/build/CMakeFiles/CMakeTmp/CMAKE_TRY_COMPILE.build/Debug/cmTryCompileExec.build/Objects-normal/x86_64/CheckIncludeFiles.o

Ld Debug/cmTryCompileExec normal x86_64
    cd /Users/syco/Packages/PlayerPiano/contrib/pianobar/build/CMakeFiles/CMakeTmp
    /Developer-iPhone/usr/bin/gcc-4.2 -arch x86_64 -isysroot /Developer/SDKs/MacOSX10.6.sdk -L/Users/syco/Packages/PlayerPiano/contrib/pianobar/build/CMakeFiles/CMakeTmp/Debug -F/Users/syco/Packages/PlayerPiano/contrib/pianobar/build/CMakeFiles/CMakeTmp/Debug -filelist /Users/syco/Packages/PlayerPiano/contrib/pianobar/build/CMakeFiles/CMakeTmp/CMAKE_TRY_COMPILE.build/Debug/cmTryCompileExec.build/Objects-normal/x86_64/cmTryCompileExec.LinkFileList -mmacosx-version-min=10.6 -Wl,-search_paths_first -headerpad_max_install_names -o /Users/syco/Packages/PlayerPiano/contrib/pianobar/build/CMakeFiles/CMakeTmp/Debug/cmTryCompileExec

PhaseScriptExecution "CMake PostBuild Rules" CMAKE_TRY_COMPILE.build/Debug/cmTryCompileExec.build/Script-139FA00139FA00139FA00000.sh
    cd /Users/syco/Packages/PlayerPiano/contrib/pianobar/build/CMakeFiles/CMakeTmp
    /bin/sh -c /Users/syco/Packages/PlayerPiano/contrib/pianobar/build/CMakeFiles/CMakeTmp/CMAKE_TRY_COMPILE.build/Debug/cmTryCompileExec.build/Script-139FA00139FA00139FA00000.sh

echo "Depend check for xcode"
Depend check for xcode
cd /Users/syco/Packages/PlayerPiano/contrib/pianobar/build/CMakeFiles/CMakeTmp && make -C /Users/syco/Packages/PlayerPiano/contrib/pianobar/build/CMakeFiles/CMakeTmp -f /Users/syco/Packages/PlayerPiano/contrib/pianobar/build/CMakeFiles/CMakeTmp/CMakeScripts/XCODE_DEPEND_HELPER.make all.Debug
make[1]: Nothing to be done for `all.Debug'.
** BUILD SUCCEEDED **



Determining if the function pthread_create exists in the pthread passed with the following output:
Change Dir: /Users/syco/Packages/PlayerPiano/contrib/pianobar/build/CMakeFiles/CMakeTmp

Run Build Command:/Applications/CMake\ 2.8-0.app/Contents/bin/cmakexbuild -project CMAKE_TRY_COMPILE.xcodeproj build -target cmTryCompileExec -configuration Debug

=== BUILD NATIVE TARGET cmTryCompileExec OF PROJECT CMAKE_TRY_COMPILE WITH CONFIGURATION Debug ===
Check dependencies
PhaseScriptExecution "CMake ReRun" CMAKE_TRY_COMPILE.build/Debug/cmTryCompileExec.build/Script-23C9B82023C9B82023C9B820.sh
    cd /Users/syco/Packages/PlayerPiano/contrib/pianobar/build/CMakeFiles/CMakeTmp
    /bin/sh -c /Users/syco/Packages/PlayerPiano/contrib/pianobar/build/CMakeFiles/CMakeTmp/CMAKE_TRY_COMPILE.build/Debug/cmTryCompileExec.build/Script-23C9B82023C9B82023C9B820.sh

make: `CMakeFiles/cmake.check_cache' is up to date.
CompileC CMAKE_TRY_COMPILE.build/Debug/cmTryCompileExec.build/Objects-normal/x86_64/CheckFunctionExists.o "../../../../../../../../../Applications/CMake 2.8-0.app/Contents/share/cmake-2.8/Modules/CheckFunctionExists.c" normal x86_64 c com.apple.compilers.gcc.4_2
    cd /Users/syco/Packages/PlayerPiano/contrib/pianobar/build/CMakeFiles/CMakeTmp
    /Developer-iPhone/usr/bin/gcc-4.2 -x c -arch x86_64 -fmessage-length=0 -pipe -Wno-trigraphs -fpascal-strings -fasm-blocks -O0 -mdynamic-no-pic -DCMAKE_INTDIR="Debug" -isysroot /Developer/SDKs/MacOSX10.6.sdk -mmacosx-version-min=10.6 -gdwarf-2 -Wmost -Wno-four-char-constants -Wno-unknown-pragmas -F/Users/syco/Packages/PlayerPiano/contrib/pianobar/build/CMakeFiles/CMakeTmp/Debug -I/Users/syco/Packages/PlayerPiano/contrib/pianobar/build/CMakeFiles/CMakeTmp/Debug/include -I/Users/syco/Packages/PlayerPiano/contrib/pianobar/build/CMakeFiles/CMakeTmp/CMAKE_TRY_COMPILE.build/Debug/cmTryCompileExec.build/DerivedSources/x86_64 -I/Users/syco/Packages/PlayerPiano/contrib/pianobar/build/CMakeFiles/CMakeTmp/CMAKE_TRY_COMPILE.build/Debug/cmTryCompileExec.build/DerivedSources -Wall -DCHECK_FUNCTION_EXISTS=pthread_create -c "/Users/syco/Packages/PlayerPiano/contrib/pianobar/build/CMakeFiles/CMakeTmp/../../../../../../../../../Applications/CMake 2.8-0.app/Contents/share/cmake-2.8/Modules/CheckFunctionExists.c" -o /Users/syco/Packages/PlayerPiano/contrib/pianobar/build/CMakeFiles/CMakeTmp/CMAKE_TRY_COMPILE.build/Debug/cmTryCompileExec.build/Objects-normal/x86_64/CheckFunctionExists.o

Ld Debug/cmTryCompileExec normal x86_64
    cd /Users/syco/Packages/PlayerPiano/contrib/pianobar/build/CMakeFiles/CMakeTmp
    /Developer-iPhone/usr/bin/gcc-4.2 -arch x86_64 -isysroot /Developer/SDKs/MacOSX10.6.sdk -L/Users/syco/Packages/PlayerPiano/contrib/pianobar/build/CMakeFiles/CMakeTmp/Debug -F/Users/syco/Packages/PlayerPiano/contrib/pianobar/build/CMakeFiles/CMakeTmp/Debug -filelist /Users/syco/Packages/PlayerPiano/contrib/pianobar/build/CMakeFiles/CMakeTmp/CMAKE_TRY_COMPILE.build/Debug/cmTryCompileExec.build/Objects-normal/x86_64/cmTryCompileExec.LinkFileList -mmacosx-version-min=10.6 -Wl,-search_paths_first -headerpad_max_install_names -lpthread -o /Users/syco/Packages/PlayerPiano/contrib/pianobar/build/CMakeFiles/CMakeTmp/Debug/cmTryCompileExec

PhaseScriptExecution "CMake PostBuild Rules" CMAKE_TRY_COMPILE.build/Debug/cmTryCompileExec.build/Script-23C9BF4023C9BF4023C9BF40.sh
    cd /Users/syco/Packages/PlayerPiano/contrib/pianobar/build/CMakeFiles/CMakeTmp
    /bin/sh -c /Users/syco/Packages/PlayerPiano/contrib/pianobar/build/CMakeFiles/CMakeTmp/CMAKE_TRY_COMPILE.build/Debug/cmTryCompileExec.build/Script-23C9BF4023C9BF4023C9BF40.sh

echo "Depend check for xcode"
Depend check for xcode
cd /Users/syco/Packages/PlayerPiano/contrib/pianobar/build/CMakeFiles/CMakeTmp && make -C /Users/syco/Packages/PlayerPiano/contrib/pianobar/build/CMakeFiles/CMakeTmp -f /Users/syco/Packages/PlayerPiano/contrib/pianobar/build/CMakeFiles/CMakeTmp/CMakeScripts/XCODE_DEPEND_HELPER.make all.Debug
make[1]: Nothing to be done for `all.Debug'.
** BUILD SUCCEEDED **



