This file contains any messages produced by compilers while
running configure, to aid debugging if configure makes a mistake.

It was created by libao configure 1.0.0, which was
generated by GNU Autoconf 2.61.  Invocation command line was

  $ ./configure --prefix=/Users/matt/Code/pianobar/libao/build --enable-static

## --------- ##
## Platform. ##
## --------- ##

hostname = Macintosh-528.local
uname -m = i386
uname -r = 10.3.0
uname -s = Darwin
uname -v = Darwin Kernel Version 10.3.0: Fri Feb 26 11:58:09 PST 2010; root:xnu-1504.3.12~1/RELEASE_I386

/usr/bin/uname -p = i386
/bin/uname -X     = unknown

/bin/arch              = unknown
/usr/bin/arch -k       = unknown
/usr/convex/getsysinfo = unknown
/usr/bin/hostinfo      = Mach kernel version:
	 Darwin Kernel Version 10.3.0: Fri Feb 26 11:58:09 PST 2010; root:xnu-1504.3.12~1/RELEASE_I386
Kernel configured for up to 2 processors.
2 processors are physically available.
2 processors are logically available.
Processor type: i486 (Intel 80486)
Processors active: 0 1
Primary memory available: 1.00 gigabytes
Default processor set: 88 tasks, 372 threads, 2 processors
Load average: 1.37, Mach factor: 1.04
/bin/machine           = unknown
/usr/bin/oslevel       = unknown
/bin/universe          = unknown

PATH: /Developer/usr/bin
PATH: /usr/bin
PATH: /bin
PATH: /usr/sbin
PATH: /sbin


## ----------- ##
## Core tests. ##
## ----------- ##

configure:2047: checking for a BSD-compatible install
configure:2103: result: /usr/bin/install -c
configure:2114: checking whether build environment is sane
configure:2157: result: yes
configure:2222: checking for gawk
configure:2252: result: no
configure:2222: checking for mawk
configure:2252: result: no
configure:2222: checking for nawk
configure:2252: result: no
configure:2222: checking for awk
configure:2238: found /usr/bin/awk
configure:2249: result: awk
configure:2260: checking whether make sets $(MAKE)
configure:2281: result: yes
configure:2466: checking whether to enable maintainer-specific portions of Makefiles
configure:2475: result: no
configure:2538: checking build system type
configure:2556: result: i386-apple-darwin10.3.0
configure:2578: checking host system type
configure:2593: result: i386-apple-darwin10.3.0
configure:2668: checking for gcc
configure:2684: found /Developer/usr/bin/gcc
configure:2695: result: gcc
configure:2933: checking for C compiler version
configure:2940: gcc --version >&5
i686-apple-darwin10-gcc-4.2.1 (GCC) 4.2.1 (Apple Inc. build 5659)
Copyright (C) 2007 Free Software Foundation, Inc.
This is free software; see the source for copying conditions.  There is NO
warranty; not even for MERCHANTABILITY or FITNESS FOR A PARTICULAR PURPOSE.

configure:2943: $? = 0
configure:2950: gcc -v >&5
Using built-in specs.
Target: i686-apple-darwin10
Configured with: /var/tmp/gcc/gcc-5659~1/src/configure --disable-checking --enable-werror --prefix=/usr --mandir=/usr/share/man --enable-languages=c,objc,c++,obj-c++ --program-transform-name=/^[cg][^.-]*$/s/$/-4.2/ --with-slibdir=/usr/lib --build=i686-apple-darwin10 --with-gxx-include-dir=/usr/include/c++/4.2.1 --host=i686-apple-darwin10 --target=i686-apple-darwin10
Thread model: posix
gcc version 4.2.1 (Apple Inc. build 5659)
configure:2953: $? = 0
configure:2960: gcc -V >&5
gcc-4.2: argument to `-V' is missing
configure:2963: $? = 1
configure:2986: checking for C compiler default output file name
configure:3013: gcc    conftest.c  >&5
configure:3016: $? = 0
configure:3054: result: a.out
configure:3071: checking whether the C compiler works
configure:3081: ./a.out
configure:3084: $? = 0
configure:3101: result: yes
configure:3108: checking whether we are cross compiling
configure:3110: result: no
configure:3113: checking for suffix of executables
configure:3120: gcc -o conftest    conftest.c  >&5
configure:3123: $? = 0
configure:3147: result: 
configure:3153: checking for suffix of object files
configure:3179: gcc -c   conftest.c >&5
configure:3182: $? = 0
configure:3205: result: o
configure:3209: checking whether we are using the GNU C compiler
configure:3238: gcc -c   conftest.c >&5
configure:3244: $? = 0
configure:3261: result: yes
configure:3266: checking whether gcc accepts -g
configure:3296: gcc -c -g  conftest.c >&5
configure:3302: $? = 0
configure:3401: result: yes
configure:3418: checking for gcc option to accept ISO C89
configure:3492: gcc  -c -g -O2  conftest.c >&5
configure:3498: $? = 0
configure:3521: result: none needed
configure:3550: checking for style of include used by make
configure:3578: result: GNU
configure:3606: checking dependency style of gcc
configure:3696: result: gcc3
configure:4057: checking for a sed that does not truncate output
configure:4136: result: /usr/bin/sed
configure:4154: checking for grep that handles long lines and -e
configure:4228: result: /usr/bin/grep
configure:4233: checking for egrep
configure:4311: result: /usr/bin/grep -E
configure:4316: checking for fgrep
configure:4394: result: /usr/bin/grep -F
configure:4429: checking for ld used by gcc
configure:4496: result: /Developer/usr/libexec/gcc/i686-apple-darwin10/4.2.1/ld
configure:4505: checking if the linker (/Developer/usr/libexec/gcc/i686-apple-darwin10/4.2.1/ld) is GNU ld
configure:4520: result: no
configure:4532: checking for BSD- or MS-compatible name lister (nm)
configure:4581: result: /Developer/usr/bin/nm
configure:4703: checking the name lister (/Developer/usr/bin/nm) interface
configure:4710: gcc -c -g -O2  conftest.c >&5
configure:4713: /Developer/usr/bin/nm "conftest.o"
configure:4716: output
0000016c D _some_variable
configure:4723: result: BSD nm
configure:4726: checking whether ln -s works
configure:4730: result: yes
configure:4738: checking the maximum length of command line arguments
configure:4858: result: 196608
configure:4875: checking whether the shell understands some XSI constructs
configure:4885: result: yes
configure:4889: checking whether the shell understands "+="
configure:4895: result: yes
configure:4930: checking for /Developer/usr/libexec/gcc/i686-apple-darwin10/4.2.1/ld option to reload object files
configure:4937: result: -r
configure:5006: checking for objdump
configure:5033: result: objdump
configure:5066: checking how to recognize dependent libraries
configure:5262: result: pass_all
configure:5322: checking for ar
configure:5338: found /Developer/usr/bin/ar
configure:5349: result: ar
configure:5431: checking for strip
configure:5447: found /Developer/usr/bin/strip
configure:5458: result: strip
configure:5534: checking for ranlib
configure:5550: found /Developer/usr/bin/ranlib
configure:5561: result: ranlib
configure:5655: checking command to parse /Developer/usr/bin/nm output from gcc object
configure:5773: gcc -c -g -O2  conftest.c >&5
configure:5776: $? = 0
configure:5780: /Developer/usr/bin/nm conftest.o \| sed -n -e 's/^.*[	 ]\([BCDEGRST][BCDEGRST]*\)[	 ][	 ]*\([_A-Za-z][_A-Za-z0-9]*\)$/\1 \2 \2/p' \> conftest.nm
configure:5783: $? = 0
cannot find nm_test_var in conftest.nm
configure:5773: gcc -c -g -O2  conftest.c >&5
configure:5776: $? = 0
configure:5780: /Developer/usr/bin/nm conftest.o \| sed -n -e 's/^.*[	 ]\([BCDEGRST][BCDEGRST]*\)[	 ][	 ]*_\([_A-Za-z][_A-Za-z0-9]*\)$/\1 _\2 \2/p' \> conftest.nm
configure:5783: $? = 0
configure:5837: gcc -o conftest -g -O2   conftest.c conftstm.o >&5
configure:5840: $? = 0
configure:5878: result: ok
configure:6168: checking for dsymutil
configure:6184: found /Developer/usr/bin/dsymutil
configure:6195: result: dsymutil
configure:6264: checking for nmedit
configure:6280: found /Developer/usr/bin/nmedit
configure:6291: result: nmedit
configure:6360: checking for lipo
configure:6376: found /usr/bin/lipo
configure:6387: result: lipo
configure:6456: checking for otool
configure:6472: found /Developer/usr/bin/otool
configure:6483: result: otool
configure:6552: checking for otool64
configure:6582: result: no
configure:6631: checking for -single_module linker flag
gcc -g -O2  -o libconftest.dylib -dynamiclib -Wl,-single_module conftest.c
configure:6658: result: yes
configure:6660: checking for -exported_symbols_list linker flag
configure:6690: gcc -o conftest -g -O2   -Wl,-exported_symbols_list,conftest.sym conftest.c  >&5
configure:6696: $? = 0
configure:6715: result: yes
configure:6757: checking how to run the C preprocessor
configure:6797: gcc -E  conftest.c
configure:6803: $? = 0
configure:6834: gcc -E  conftest.c
conftest.c:10:28: error: ac_nonexistent.h: No such file or directory
configure:6840: $? = 1
configure: failed program was:
| /* confdefs.h.  */
| #define PACKAGE_NAME "libao"
| #define PACKAGE_TARNAME "libao"
| #define PACKAGE_VERSION "1.0.0"
| #define PACKAGE_STRING "libao 1.0.0"
| #define PACKAGE_BUGREPORT "monty@xiph.org"
| #define PACKAGE "libao"
| #define VERSION "1.0.0"
| /* end confdefs.h.  */
| #include <ac_nonexistent.h>
configure:6873: result: gcc -E
configure:6902: gcc -E  conftest.c
configure:6908: $? = 0
configure:6939: gcc -E  conftest.c
conftest.c:10:28: error: ac_nonexistent.h: No such file or directory
configure:6945: $? = 1
configure: failed program was:
| /* confdefs.h.  */
| #define PACKAGE_NAME "libao"
| #define PACKAGE_TARNAME "libao"
| #define PACKAGE_VERSION "1.0.0"
| #define PACKAGE_STRING "libao 1.0.0"
| #define PACKAGE_BUGREPORT "monty@xiph.org"
| #define PACKAGE "libao"
| #define VERSION "1.0.0"
| /* end confdefs.h.  */
| #include <ac_nonexistent.h>
configure:6983: checking for ANSI C header files
configure:7013: gcc -c -g -O2  conftest.c >&5
configure:7019: $? = 0
configure:7118: gcc -o conftest -g -O2   conftest.c  >&5
configure:7121: $? = 0
configure:7127: ./conftest
configure:7130: $? = 0
configure:7147: result: yes
configure:7171: checking for sys/types.h
configure:7192: gcc -c -g -O2  conftest.c >&5
configure:7198: $? = 0
configure:7214: result: yes
configure:7171: checking for sys/stat.h
configure:7192: gcc -c -g -O2  conftest.c >&5
configure:7198: $? = 0
configure:7214: result: yes
configure:7171: checking for stdlib.h
configure:7192: gcc -c -g -O2  conftest.c >&5
configure:7198: $? = 0
configure:7214: result: yes
configure:7171: checking for string.h
configure:7192: gcc -c -g -O2  conftest.c >&5
configure:7198: $? = 0
configure:7214: result: yes
configure:7171: checking for memory.h
configure:7192: gcc -c -g -O2  conftest.c >&5
configure:7198: $? = 0
configure:7214: result: yes
configure:7171: checking for strings.h
configure:7192: gcc -c -g -O2  conftest.c >&5
configure:7198: $? = 0
configure:7214: result: yes
configure:7171: checking for inttypes.h
configure:7192: gcc -c -g -O2  conftest.c >&5
configure:7198: $? = 0
configure:7214: result: yes
configure:7171: checking for stdint.h
configure:7192: gcc -c -g -O2  conftest.c >&5
configure:7198: $? = 0
configure:7214: result: yes
configure:7171: checking for unistd.h
configure:7192: gcc -c -g -O2  conftest.c >&5
configure:7198: $? = 0
configure:7214: result: yes
configure:7230: checking for dlfcn.h
configure:7251: gcc -c -g -O2  conftest.c >&5
configure:7257: $? = 0
configure:7273: result: yes
configure:7423: checking for objdir
configure:7438: result: .libs
configure:7730: checking if gcc supports -fno-rtti -fno-exceptions
configure:7748: gcc -c -g -O2  -fno-rtti -fno-exceptions conftest.c >&5
cc1: warning: command line option "-fno-rtti" is valid for C++/ObjC++ but not for C
configure:7752: $? = 0
configure:7765: result: no
configure:7785: checking for gcc option to produce PIC
configure:8057: result: -fno-common -DPIC
configure:8069: checking if gcc PIC flag -fno-common -DPIC works
configure:8087: gcc -c -g -O2  -fno-common -DPIC -DPIC conftest.c >&5
configure:8091: $? = 0
configure:8104: result: yes
configure:8128: checking if gcc static flag -static works
/Developer/usr/bin/ld_classic: can't locate file for: -lcrt0.o
configure:8156: result: no
configure:8171: checking if gcc supports -c -o file.o
configure:8192: gcc -c -g -O2  -o out/conftest2.o conftest.c >&5
configure:8196: $? = 0
configure:8218: result: yes
configure:8226: checking if gcc supports -c -o file.o
configure:8273: result: yes
configure:8306: checking whether the gcc linker (/Developer/usr/libexec/gcc/i686-apple-darwin10/4.2.1/ld) supports shared libraries
configure:9372: result: yes
configure:9611: checking dynamic linker characteristics
configure:10302: result: darwin10.3.0 dyld
configure:10404: checking how to hardcode library paths into programs
configure:10429: result: immediate
configure:10474: checking for dlopen in -ldl
configure:10509: gcc -o conftest -g -O2   conftest.c -ldl   >&5
configure:10515: $? = 0
configure:10533: result: yes
configure:11008: checking whether a program can dlopen itself
configure:11078: gcc -o conftest -g -O2  -DHAVE_DLFCN_H   conftest.c -ldl  >&5
configure:11081: $? = 0
configure:11099: result: yes
configure:11104: checking whether a statically linked program can dlopen itself
configure:11174: gcc -o conftest -g -O2  -DHAVE_DLFCN_H    conftest.c -ldl  >&5
configure:11177: $? = 0
configure:11195: result: yes
configure:11234: checking whether stripping libraries is possible
configure:11248: result: yes
configure:11274: checking if libtool supports shared libraries
configure:11276: result: yes
configure:11279: checking whether to build shared libraries
configure:11300: result: yes
configure:11303: checking whether to build static libraries
configure:11307: result: yes
configure:11349: checking for dlfcn.h
configure:11355: result: yes
configure:11484: checking for library containing dlopen
configure:11525: gcc -o conftest -g -O2   conftest.c  >&5
configure:11531: $? = 0
configure:11559: result: none required
configure:11645: checking for pthread_kill in -lpthread
configure:11680: gcc -o conftest -D__NO_MATH_INLINES -fsigned-char -g -O2 -DAO_BUILDING_LIBAO   conftest.c -lpthread   >&5
configure:11686: $? = 0
configure:11704: result: yes
configure:11741: checking for short
configure:11771: gcc -c -D__NO_MATH_INLINES -fsigned-char -g -O2 -DAO_BUILDING_LIBAO  conftest.c >&5
configure:11777: $? = 0
configure:11792: result: yes
configure:11799: checking size of short
configure:12101: gcc -o conftest -D__NO_MATH_INLINES -fsigned-char -g -O2 -DAO_BUILDING_LIBAO   conftest.c -lpthread  >&5
configure:12104: $? = 0
configure:12110: ./conftest
configure:12113: $? = 0
configure:12136: result: 2
configure:12146: checking for int
configure:12176: gcc -c -D__NO_MATH_INLINES -fsigned-char -g -O2 -DAO_BUILDING_LIBAO  conftest.c >&5
configure:12182: $? = 0
configure:12197: result: yes
configure:12204: checking size of int
configure:12506: gcc -o conftest -D__NO_MATH_INLINES -fsigned-char -g -O2 -DAO_BUILDING_LIBAO   conftest.c -lpthread  >&5
configure:12509: $? = 0
configure:12515: ./conftest
configure:12518: $? = 0
configure:12541: result: 4
configure:12551: checking for long
configure:12581: gcc -c -D__NO_MATH_INLINES -fsigned-char -g -O2 -DAO_BUILDING_LIBAO  conftest.c >&5
configure:12587: $? = 0
configure:12602: result: yes
configure:12609: checking size of long
configure:12911: gcc -o conftest -D__NO_MATH_INLINES -fsigned-char -g -O2 -DAO_BUILDING_LIBAO   conftest.c -lpthread  >&5
configure:12914: $? = 0
configure:12920: ./conftest
configure:12923: $? = 0
configure:12946: result: 4
configure:12998: checking for mmsystem.h
configure:13019: gcc -c -D__NO_MATH_INLINES -fsigned-char -g -O2 -DAO_BUILDING_LIBAO  conftest.c >&5
conftest.c:30:21: error: windows.h: No such file or directory
conftest.c:32:22: error: mmsystem.h: No such file or directory
configure:13025: $? = 1
configure: failed program was:
| /* confdefs.h.  */
| #define PACKAGE_NAME "libao"
| #define PACKAGE_TARNAME "libao"
| #define PACKAGE_VERSION "1.0.0"
| #define PACKAGE_STRING "libao 1.0.0"
| #define PACKAGE_BUGREPORT "monty@xiph.org"
| #define PACKAGE "libao"
| #define VERSION "1.0.0"
| #define STDC_HEADERS 1
| #define HAVE_SYS_TYPES_H 1
| #define HAVE_SYS_STAT_H 1
| #define HAVE_STDLIB_H 1
| #define HAVE_STRING_H 1
| #define HAVE_MEMORY_H 1
| #define HAVE_STRINGS_H 1
| #define HAVE_INTTYPES_H 1
| #define HAVE_STDINT_H 1
| #define HAVE_UNISTD_H 1
| #define HAVE_DLFCN_H 1
| #define LT_OBJDIR ".libs/"
| #define HAVE_DLFCN_H 1
| #define HAVE_DLOPEN 1
| #define HAVE_LIBPTHREAD 1
| #define DLOPEN_FLAG (RTLD_LAZY)
| #define SHARED_LIB_EXT ".so"
| #define SIZEOF_SHORT 2
| #define SIZEOF_INT 4
| #define SIZEOF_LONG 4
| /* end confdefs.h.  */
| #include <windows.h>
| 
| #include <mmsystem.h>
configure:13041: result: no
configure:13176: checking for esd-config
configure:13207: result: no
configure:13216: checking for ESD - version >= 0.2.8
configure:13344: result: no
configure:13457: checking sys/soundcard.h usability
configure:13474: gcc -c -D__NO_MATH_INLINES -fsigned-char -g -O2 -DAO_BUILDING_LIBAO  conftest.c >&5
conftest.c:63:27: error: sys/soundcard.h: No such file or directory
configure:13480: $? = 1
configure: failed program was:
| /* confdefs.h.  */
| #define PACKAGE_NAME "libao"
| #define PACKAGE_TARNAME "libao"
| #define PACKAGE_VERSION "1.0.0"
| #define PACKAGE_STRING "libao 1.0.0"
| #define PACKAGE_BUGREPORT "monty@xiph.org"
| #define PACKAGE "libao"
| #define VERSION "1.0.0"
| #define STDC_HEADERS 1
| #define HAVE_SYS_TYPES_H 1
| #define HAVE_SYS_STAT_H 1
| #define HAVE_STDLIB_H 1
| #define HAVE_STRING_H 1
| #define HAVE_MEMORY_H 1
| #define HAVE_STRINGS_H 1
| #define HAVE_INTTYPES_H 1
| #define HAVE_STDINT_H 1
| #define HAVE_UNISTD_H 1
| #define HAVE_DLFCN_H 1
| #define LT_OBJDIR ".libs/"
| #define HAVE_DLFCN_H 1
| #define HAVE_DLOPEN 1
| #define HAVE_LIBPTHREAD 1
| #define DLOPEN_FLAG (RTLD_LAZY)
| #define SHARED_LIB_EXT ".so"
| #define SIZEOF_SHORT 2
| #define SIZEOF_INT 4
| #define SIZEOF_LONG 4
| /* end confdefs.h.  */
| #include <stdio.h>
| #ifdef HAVE_SYS_TYPES_H
| # include <sys/types.h>
| #endif
| #ifdef HAVE_SYS_STAT_H
| # include <sys/stat.h>
| #endif
| #ifdef STDC_HEADERS
| # include <stdlib.h>
| # include <stddef.h>
| #else
| # ifdef HAVE_STDLIB_H
| #  include <stdlib.h>
| # endif
| #endif
| #ifdef HAVE_STRING_H
| # if !defined STDC_HEADERS && defined HAVE_MEMORY_H
| #  include <memory.h>
| # endif
| # include <string.h>
| #endif
| #ifdef HAVE_STRINGS_H
| # include <strings.h>
| #endif
| #ifdef HAVE_INTTYPES_H
| # include <inttypes.h>
| #endif
| #ifdef HAVE_STDINT_H
| # include <stdint.h>
| #endif
| #ifdef HAVE_UNISTD_H
| # include <unistd.h>
| #endif
| #include <sys/soundcard.h>
configure:13494: result: no
configure:13498: checking sys/soundcard.h presence
configure:13513: gcc -E  conftest.c
conftest.c:30:27: error: sys/soundcard.h: No such file or directory
configure:13519: $? = 1
configure: failed program was:
| /* confdefs.h.  */
| #define PACKAGE_NAME "libao"
| #define PACKAGE_TARNAME "libao"
| #define PACKAGE_VERSION "1.0.0"
| #define PACKAGE_STRING "libao 1.0.0"
| #define PACKAGE_BUGREPORT "monty@xiph.org"
| #define PACKAGE "libao"
| #define VERSION "1.0.0"
| #define STDC_HEADERS 1
| #define HAVE_SYS_TYPES_H 1
| #define HAVE_SYS_STAT_H 1
| #define HAVE_STDLIB_H 1
| #define HAVE_STRING_H 1
| #define HAVE_MEMORY_H 1
| #define HAVE_STRINGS_H 1
| #define HAVE_INTTYPES_H 1
| #define HAVE_STDINT_H 1
| #define HAVE_UNISTD_H 1
| #define HAVE_DLFCN_H 1
| #define LT_OBJDIR ".libs/"
| #define HAVE_DLFCN_H 1
| #define HAVE_DLOPEN 1
| #define HAVE_LIBPTHREAD 1
| #define DLOPEN_FLAG (RTLD_LAZY)
| #define SHARED_LIB_EXT ".so"
| #define SIZEOF_SHORT 2
| #define SIZEOF_INT 4
| #define SIZEOF_LONG 4
| /* end confdefs.h.  */
| #include <sys/soundcard.h>
configure:13533: result: no
configure:13566: checking for sys/soundcard.h
configure:13574: result: no
configure:13602: checking machine/soundcard.h usability
configure:13619: gcc -c -D__NO_MATH_INLINES -fsigned-char -g -O2 -DAO_BUILDING_LIBAO  conftest.c >&5
conftest.c:63:31: error: machine/soundcard.h: No such file or directory
configure:13625: $? = 1
configure: failed program was:
| /* confdefs.h.  */
| #define PACKAGE_NAME "libao"
| #define PACKAGE_TARNAME "libao"
| #define PACKAGE_VERSION "1.0.0"
| #define PACKAGE_STRING "libao 1.0.0"
| #define PACKAGE_BUGREPORT "monty@xiph.org"
| #define PACKAGE "libao"
| #define VERSION "1.0.0"
| #define STDC_HEADERS 1
| #define HAVE_SYS_TYPES_H 1
| #define HAVE_SYS_STAT_H 1
| #define HAVE_STDLIB_H 1
| #define HAVE_STRING_H 1
| #define HAVE_MEMORY_H 1
| #define HAVE_STRINGS_H 1
| #define HAVE_INTTYPES_H 1
| #define HAVE_STDINT_H 1
| #define HAVE_UNISTD_H 1
| #define HAVE_DLFCN_H 1
| #define LT_OBJDIR ".libs/"
| #define HAVE_DLFCN_H 1
| #define HAVE_DLOPEN 1
| #define HAVE_LIBPTHREAD 1
| #define DLOPEN_FLAG (RTLD_LAZY)
| #define SHARED_LIB_EXT ".so"
| #define SIZEOF_SHORT 2
| #define SIZEOF_INT 4
| #define SIZEOF_LONG 4
| /* end confdefs.h.  */
| #include <stdio.h>
| #ifdef HAVE_SYS_TYPES_H
| # include <sys/types.h>
| #endif
| #ifdef HAVE_SYS_STAT_H
| # include <sys/stat.h>
| #endif
| #ifdef STDC_HEADERS
| # include <stdlib.h>
| # include <stddef.h>
| #else
| # ifdef HAVE_STDLIB_H
| #  include <stdlib.h>
| # endif
| #endif
| #ifdef HAVE_STRING_H
| # if !defined STDC_HEADERS && defined HAVE_MEMORY_H
| #  include <memory.h>
| # endif
| # include <string.h>
| #endif
| #ifdef HAVE_STRINGS_H
| # include <strings.h>
| #endif
| #ifdef HAVE_INTTYPES_H
| # include <inttypes.h>
| #endif
| #ifdef HAVE_STDINT_H
| # include <stdint.h>
| #endif
| #ifdef HAVE_UNISTD_H
| # include <unistd.h>
| #endif
| #include <machine/soundcard.h>
configure:13639: result: no
configure:13643: checking machine/soundcard.h presence
configure:13658: gcc -E  conftest.c
conftest.c:30:31: error: machine/soundcard.h: No such file or directory
configure:13664: $? = 1
configure: failed program was:
| /* confdefs.h.  */
| #define PACKAGE_NAME "libao"
| #define PACKAGE_TARNAME "libao"
| #define PACKAGE_VERSION "1.0.0"
| #define PACKAGE_STRING "libao 1.0.0"
| #define PACKAGE_BUGREPORT "monty@xiph.org"
| #define PACKAGE "libao"
| #define VERSION "1.0.0"
| #define STDC_HEADERS 1
| #define HAVE_SYS_TYPES_H 1
| #define HAVE_SYS_STAT_H 1
| #define HAVE_STDLIB_H 1
| #define HAVE_STRING_H 1
| #define HAVE_MEMORY_H 1
| #define HAVE_STRINGS_H 1
| #define HAVE_INTTYPES_H 1
| #define HAVE_STDINT_H 1
| #define HAVE_UNISTD_H 1
| #define HAVE_DLFCN_H 1
| #define LT_OBJDIR ".libs/"
| #define HAVE_DLFCN_H 1
| #define HAVE_DLOPEN 1
| #define HAVE_LIBPTHREAD 1
| #define DLOPEN_FLAG (RTLD_LAZY)
| #define SHARED_LIB_EXT ".so"
| #define SIZEOF_SHORT 2
| #define SIZEOF_INT 4
| #define SIZEOF_LONG 4
| /* end confdefs.h.  */
| #include <machine/soundcard.h>
configure:13678: result: no
configure:13711: checking for machine/soundcard.h
configure:13719: result: no
configure:13761: checking for snd_pcm_open in -lasound
configure:13796: gcc -o conftest -D__NO_MATH_INLINES -fsigned-char -g -O2 -DAO_BUILDING_LIBAO   conftest.c -lasound  -lpthread  >&5
ld: library not found for -lasound
collect2: ld returned 1 exit status
configure:13802: $? = 1
configure: failed program was:
| /* confdefs.h.  */
| #define PACKAGE_NAME "libao"
| #define PACKAGE_TARNAME "libao"
| #define PACKAGE_VERSION "1.0.0"
| #define PACKAGE_STRING "libao 1.0.0"
| #define PACKAGE_BUGREPORT "monty@xiph.org"
| #define PACKAGE "libao"
| #define VERSION "1.0.0"
| #define STDC_HEADERS 1
| #define HAVE_SYS_TYPES_H 1
| #define HAVE_SYS_STAT_H 1
| #define HAVE_STDLIB_H 1
| #define HAVE_STRING_H 1
| #define HAVE_MEMORY_H 1
| #define HAVE_STRINGS_H 1
| #define HAVE_INTTYPES_H 1
| #define HAVE_STDINT_H 1
| #define HAVE_UNISTD_H 1
| #define HAVE_DLFCN_H 1
| #define LT_OBJDIR ".libs/"
| #define HAVE_DLFCN_H 1
| #define HAVE_DLOPEN 1
| #define HAVE_LIBPTHREAD 1
| #define DLOPEN_FLAG (RTLD_LAZY)
| #define SHARED_LIB_EXT ".so"
| #define SIZEOF_SHORT 2
| #define SIZEOF_INT 4
| #define SIZEOF_LONG 4
| /* end confdefs.h.  */
| 
| /* Override any GCC internal prototype to avoid an error.
|    Use char because int might match the return type of a GCC
|    builtin and then its argument prototype would still apply.  */
| #ifdef __cplusplus
| extern "C"
| #endif
| char snd_pcm_open ();
| int
| main ()
| {
| return snd_pcm_open ();
|   ;
|   return 0;
| }
configure:13820: result: no
configure:13838: checking alsa/asoundlib.h usability
configure:13855: gcc -c -D__NO_MATH_INLINES -fsigned-char -g -O2 -DAO_BUILDING_LIBAO  conftest.c >&5
conftest.c:63:28: error: alsa/asoundlib.h: No such file or directory
configure:13861: $? = 1
configure: failed program was:
| /* confdefs.h.  */
| #define PACKAGE_NAME "libao"
| #define PACKAGE_TARNAME "libao"
| #define PACKAGE_VERSION "1.0.0"
| #define PACKAGE_STRING "libao 1.0.0"
| #define PACKAGE_BUGREPORT "monty@xiph.org"
| #define PACKAGE "libao"
| #define VERSION "1.0.0"
| #define STDC_HEADERS 1
| #define HAVE_SYS_TYPES_H 1
| #define HAVE_SYS_STAT_H 1
| #define HAVE_STDLIB_H 1
| #define HAVE_STRING_H 1
| #define HAVE_MEMORY_H 1
| #define HAVE_STRINGS_H 1
| #define HAVE_INTTYPES_H 1
| #define HAVE_STDINT_H 1
| #define HAVE_UNISTD_H 1
| #define HAVE_DLFCN_H 1
| #define LT_OBJDIR ".libs/"
| #define HAVE_DLFCN_H 1
| #define HAVE_DLOPEN 1
| #define HAVE_LIBPTHREAD 1
| #define DLOPEN_FLAG (RTLD_LAZY)
| #define SHARED_LIB_EXT ".so"
| #define SIZEOF_SHORT 2
| #define SIZEOF_INT 4
| #define SIZEOF_LONG 4
| /* end confdefs.h.  */
| #include <stdio.h>
| #ifdef HAVE_SYS_TYPES_H
| # include <sys/types.h>
| #endif
| #ifdef HAVE_SYS_STAT_H
| # include <sys/stat.h>
| #endif
| #ifdef STDC_HEADERS
| # include <stdlib.h>
| # include <stddef.h>
| #else
| # ifdef HAVE_STDLIB_H
| #  include <stdlib.h>
| # endif
| #endif
| #ifdef HAVE_STRING_H
| # if !defined STDC_HEADERS && defined HAVE_MEMORY_H
| #  include <memory.h>
| # endif
| # include <string.h>
| #endif
| #ifdef HAVE_STRINGS_H
| # include <strings.h>
| #endif
| #ifdef HAVE_INTTYPES_H
| # include <inttypes.h>
| #endif
| #ifdef HAVE_STDINT_H
| # include <stdint.h>
| #endif
| #ifdef HAVE_UNISTD_H
| # include <unistd.h>
| #endif
| #include <alsa/asoundlib.h>
configure:13875: result: no
configure:13879: checking alsa/asoundlib.h presence
configure:13894: gcc -E  conftest.c
conftest.c:30:28: error: alsa/asoundlib.h: No such file or directory
configure:13900: $? = 1
configure: failed program was:
| /* confdefs.h.  */
| #define PACKAGE_NAME "libao"
| #define PACKAGE_TARNAME "libao"
| #define PACKAGE_VERSION "1.0.0"
| #define PACKAGE_STRING "libao 1.0.0"
| #define PACKAGE_BUGREPORT "monty@xiph.org"
| #define PACKAGE "libao"
| #define VERSION "1.0.0"
| #define STDC_HEADERS 1
| #define HAVE_SYS_TYPES_H 1
| #define HAVE_SYS_STAT_H 1
| #define HAVE_STDLIB_H 1
| #define HAVE_STRING_H 1
| #define HAVE_MEMORY_H 1
| #define HAVE_STRINGS_H 1
| #define HAVE_INTTYPES_H 1
| #define HAVE_STDINT_H 1
| #define HAVE_UNISTD_H 1
| #define HAVE_DLFCN_H 1
| #define LT_OBJDIR ".libs/"
| #define HAVE_DLFCN_H 1
| #define HAVE_DLOPEN 1
| #define HAVE_LIBPTHREAD 1
| #define DLOPEN_FLAG (RTLD_LAZY)
| #define SHARED_LIB_EXT ".so"
| #define SIZEOF_SHORT 2
| #define SIZEOF_INT 4
| #define SIZEOF_LONG 4
| /* end confdefs.h.  */
| #include <alsa/asoundlib.h>
configure:13914: result: no
configure:13947: checking for alsa/asoundlib.h
configure:13954: result: no
configure:14167: checking sys/audioio.h usability
configure:14184: gcc -c -D__NO_MATH_INLINES -fsigned-char -g -O2 -DAO_BUILDING_LIBAO  conftest.c >&5
conftest.c:63:25: error: sys/audioio.h: No such file or directory
configure:14190: $? = 1
configure: failed program was:
| /* confdefs.h.  */
| #define PACKAGE_NAME "libao"
| #define PACKAGE_TARNAME "libao"
| #define PACKAGE_VERSION "1.0.0"
| #define PACKAGE_STRING "libao 1.0.0"
| #define PACKAGE_BUGREPORT "monty@xiph.org"
| #define PACKAGE "libao"
| #define VERSION "1.0.0"
| #define STDC_HEADERS 1
| #define HAVE_SYS_TYPES_H 1
| #define HAVE_SYS_STAT_H 1
| #define HAVE_STDLIB_H 1
| #define HAVE_STRING_H 1
| #define HAVE_MEMORY_H 1
| #define HAVE_STRINGS_H 1
| #define HAVE_INTTYPES_H 1
| #define HAVE_STDINT_H 1
| #define HAVE_UNISTD_H 1
| #define HAVE_DLFCN_H 1
| #define LT_OBJDIR ".libs/"
| #define HAVE_DLFCN_H 1
| #define HAVE_DLOPEN 1
| #define HAVE_LIBPTHREAD 1
| #define DLOPEN_FLAG (RTLD_LAZY)
| #define SHARED_LIB_EXT ".so"
| #define SIZEOF_SHORT 2
| #define SIZEOF_INT 4
| #define SIZEOF_LONG 4
| /* end confdefs.h.  */
| #include <stdio.h>
| #ifdef HAVE_SYS_TYPES_H
| # include <sys/types.h>
| #endif
| #ifdef HAVE_SYS_STAT_H
| # include <sys/stat.h>
| #endif
| #ifdef STDC_HEADERS
| # include <stdlib.h>
| # include <stddef.h>
| #else
| # ifdef HAVE_STDLIB_H
| #  include <stdlib.h>
| # endif
| #endif
| #ifdef HAVE_STRING_H
| # if !defined STDC_HEADERS && defined HAVE_MEMORY_H
| #  include <memory.h>
| # endif
| # include <string.h>
| #endif
| #ifdef HAVE_STRINGS_H
| # include <strings.h>
| #endif
| #ifdef HAVE_INTTYPES_H
| # include <inttypes.h>
| #endif
| #ifdef HAVE_STDINT_H
| # include <stdint.h>
| #endif
| #ifdef HAVE_UNISTD_H
| # include <unistd.h>
| #endif
| #include <sys/audioio.h>
configure:14204: result: no
configure:14208: checking sys/audioio.h presence
configure:14223: gcc -E  conftest.c
conftest.c:30:25: error: sys/audioio.h: No such file or directory
configure:14229: $? = 1
configure: failed program was:
| /* confdefs.h.  */
| #define PACKAGE_NAME "libao"
| #define PACKAGE_TARNAME "libao"
| #define PACKAGE_VERSION "1.0.0"
| #define PACKAGE_STRING "libao 1.0.0"
| #define PACKAGE_BUGREPORT "monty@xiph.org"
| #define PACKAGE "libao"
| #define VERSION "1.0.0"
| #define STDC_HEADERS 1
| #define HAVE_SYS_TYPES_H 1
| #define HAVE_SYS_STAT_H 1
| #define HAVE_STDLIB_H 1
| #define HAVE_STRING_H 1
| #define HAVE_MEMORY_H 1
| #define HAVE_STRINGS_H 1
| #define HAVE_INTTYPES_H 1
| #define HAVE_STDINT_H 1
| #define HAVE_UNISTD_H 1
| #define HAVE_DLFCN_H 1
| #define LT_OBJDIR ".libs/"
| #define HAVE_DLFCN_H 1
| #define HAVE_DLOPEN 1
| #define HAVE_LIBPTHREAD 1
| #define DLOPEN_FLAG (RTLD_LAZY)
| #define SHARED_LIB_EXT ".so"
| #define SIZEOF_SHORT 2
| #define SIZEOF_INT 4
| #define SIZEOF_LONG 4
| /* end confdefs.h.  */
| #include <sys/audioio.h>
configure:14243: result: no
configure:14276: checking for sys/audioio.h
configure:14284: result: no
configure:14325: checking sndio.h usability
configure:14342: gcc -c -D__NO_MATH_INLINES -fsigned-char -g -O2 -DAO_BUILDING_LIBAO  conftest.c >&5
conftest.c:63:19: error: sndio.h: No such file or directory
configure:14348: $? = 1
configure: failed program was:
| /* confdefs.h.  */
| #define PACKAGE_NAME "libao"
| #define PACKAGE_TARNAME "libao"
| #define PACKAGE_VERSION "1.0.0"
| #define PACKAGE_STRING "libao 1.0.0"
| #define PACKAGE_BUGREPORT "monty@xiph.org"
| #define PACKAGE "libao"
| #define VERSION "1.0.0"
| #define STDC_HEADERS 1
| #define HAVE_SYS_TYPES_H 1
| #define HAVE_SYS_STAT_H 1
| #define HAVE_STDLIB_H 1
| #define HAVE_STRING_H 1
| #define HAVE_MEMORY_H 1
| #define HAVE_STRINGS_H 1
| #define HAVE_INTTYPES_H 1
| #define HAVE_STDINT_H 1
| #define HAVE_UNISTD_H 1
| #define HAVE_DLFCN_H 1
| #define LT_OBJDIR ".libs/"
| #define HAVE_DLFCN_H 1
| #define HAVE_DLOPEN 1
| #define HAVE_LIBPTHREAD 1
| #define DLOPEN_FLAG (RTLD_LAZY)
| #define SHARED_LIB_EXT ".so"
| #define SIZEOF_SHORT 2
| #define SIZEOF_INT 4
| #define SIZEOF_LONG 4
| /* end confdefs.h.  */
| #include <stdio.h>
| #ifdef HAVE_SYS_TYPES_H
| # include <sys/types.h>
| #endif
| #ifdef HAVE_SYS_STAT_H
| # include <sys/stat.h>
| #endif
| #ifdef STDC_HEADERS
| # include <stdlib.h>
| # include <stddef.h>
| #else
| # ifdef HAVE_STDLIB_H
| #  include <stdlib.h>
| # endif
| #endif
| #ifdef HAVE_STRING_H
| # if !defined STDC_HEADERS && defined HAVE_MEMORY_H
| #  include <memory.h>
| # endif
| # include <string.h>
| #endif
| #ifdef HAVE_STRINGS_H
| # include <strings.h>
| #endif
| #ifdef HAVE_INTTYPES_H
| # include <inttypes.h>
| #endif
| #ifdef HAVE_STDINT_H
| # include <stdint.h>
| #endif
| #ifdef HAVE_UNISTD_H
| # include <unistd.h>
| #endif
| #include <sndio.h>
configure:14362: result: no
configure:14366: checking sndio.h presence
configure:14381: gcc -E  conftest.c
conftest.c:30:19: error: sndio.h: No such file or directory
configure:14387: $? = 1
configure: failed program was:
| /* confdefs.h.  */
| #define PACKAGE_NAME "libao"
| #define PACKAGE_TARNAME "libao"
| #define PACKAGE_VERSION "1.0.0"
| #define PACKAGE_STRING "libao 1.0.0"
| #define PACKAGE_BUGREPORT "monty@xiph.org"
| #define PACKAGE "libao"
| #define VERSION "1.0.0"
| #define STDC_HEADERS 1
| #define HAVE_SYS_TYPES_H 1
| #define HAVE_SYS_STAT_H 1
| #define HAVE_STDLIB_H 1
| #define HAVE_STRING_H 1
| #define HAVE_MEMORY_H 1
| #define HAVE_STRINGS_H 1
| #define HAVE_INTTYPES_H 1
| #define HAVE_STDINT_H 1
| #define HAVE_UNISTD_H 1
| #define HAVE_DLFCN_H 1
| #define LT_OBJDIR ".libs/"
| #define HAVE_DLFCN_H 1
| #define HAVE_DLOPEN 1
| #define HAVE_LIBPTHREAD 1
| #define DLOPEN_FLAG (RTLD_LAZY)
| #define SHARED_LIB_EXT ".so"
| #define SIZEOF_SHORT 2
| #define SIZEOF_INT 4
| #define SIZEOF_LONG 4
| /* end confdefs.h.  */
| #include <sndio.h>
configure:14401: result: no
configure:14434: checking for sndio.h
configure:14442: result: no
configure:14483: checking roaraudio.h usability
configure:14500: gcc -c -D__NO_MATH_INLINES -fsigned-char -g -O2 -DAO_BUILDING_LIBAO  conftest.c >&5
conftest.c:63:23: error: roaraudio.h: No such file or directory
configure:14506: $? = 1
configure: failed program was:
| /* confdefs.h.  */
| #define PACKAGE_NAME "libao"
| #define PACKAGE_TARNAME "libao"
| #define PACKAGE_VERSION "1.0.0"
| #define PACKAGE_STRING "libao 1.0.0"
| #define PACKAGE_BUGREPORT "monty@xiph.org"
| #define PACKAGE "libao"
| #define VERSION "1.0.0"
| #define STDC_HEADERS 1
| #define HAVE_SYS_TYPES_H 1
| #define HAVE_SYS_STAT_H 1
| #define HAVE_STDLIB_H 1
| #define HAVE_STRING_H 1
| #define HAVE_MEMORY_H 1
| #define HAVE_STRINGS_H 1
| #define HAVE_INTTYPES_H 1
| #define HAVE_STDINT_H 1
| #define HAVE_UNISTD_H 1
| #define HAVE_DLFCN_H 1
| #define LT_OBJDIR ".libs/"
| #define HAVE_DLFCN_H 1
| #define HAVE_DLOPEN 1
| #define HAVE_LIBPTHREAD 1
| #define DLOPEN_FLAG (RTLD_LAZY)
| #define SHARED_LIB_EXT ".so"
| #define SIZEOF_SHORT 2
| #define SIZEOF_INT 4
| #define SIZEOF_LONG 4
| /* end confdefs.h.  */
| #include <stdio.h>
| #ifdef HAVE_SYS_TYPES_H
| # include <sys/types.h>
| #endif
| #ifdef HAVE_SYS_STAT_H
| # include <sys/stat.h>
| #endif
| #ifdef STDC_HEADERS
| # include <stdlib.h>
| # include <stddef.h>
| #else
| # ifdef HAVE_STDLIB_H
| #  include <stdlib.h>
| # endif
| #endif
| #ifdef HAVE_STRING_H
| # if !defined STDC_HEADERS && defined HAVE_MEMORY_H
| #  include <memory.h>
| # endif
| # include <string.h>
| #endif
| #ifdef HAVE_STRINGS_H
| # include <strings.h>
| #endif
| #ifdef HAVE_INTTYPES_H
| # include <inttypes.h>
| #endif
| #ifdef HAVE_STDINT_H
| # include <stdint.h>
| #endif
| #ifdef HAVE_UNISTD_H
| # include <unistd.h>
| #endif
| #include <roaraudio.h>
configure:14520: result: no
configure:14524: checking roaraudio.h presence
configure:14539: gcc -E  conftest.c
conftest.c:30:23: error: roaraudio.h: No such file or directory
configure:14545: $? = 1
configure: failed program was:
| /* confdefs.h.  */
| #define PACKAGE_NAME "libao"
| #define PACKAGE_TARNAME "libao"
| #define PACKAGE_VERSION "1.0.0"
| #define PACKAGE_STRING "libao 1.0.0"
| #define PACKAGE_BUGREPORT "monty@xiph.org"
| #define PACKAGE "libao"
| #define VERSION "1.0.0"
| #define STDC_HEADERS 1
| #define HAVE_SYS_TYPES_H 1
| #define HAVE_SYS_STAT_H 1
| #define HAVE_STDLIB_H 1
| #define HAVE_STRING_H 1
| #define HAVE_MEMORY_H 1
| #define HAVE_STRINGS_H 1
| #define HAVE_INTTYPES_H 1
| #define HAVE_STDINT_H 1
| #define HAVE_UNISTD_H 1
| #define HAVE_DLFCN_H 1
| #define LT_OBJDIR ".libs/"
| #define HAVE_DLFCN_H 1
| #define HAVE_DLOPEN 1
| #define HAVE_LIBPTHREAD 1
| #define DLOPEN_FLAG (RTLD_LAZY)
| #define SHARED_LIB_EXT ".so"
| #define SIZEOF_SHORT 2
| #define SIZEOF_INT 4
| #define SIZEOF_LONG 4
| /* end confdefs.h.  */
| #include <roaraudio.h>
configure:14559: result: no
configure:14592: checking for roaraudio.h
configure:14600: result: no
configure:15179: checking for X
configure:15294: gcc -E  conftest.c
configure:15300: $? = 0
configure:15349: gcc -o conftest -D__NO_MATH_INLINES -fsigned-char -g -O2 -DAO_BUILDING_LIBAO   conftest.c -lX11 -lpthread  >&5
ld: library not found for -lX11
collect2: ld returned 1 exit status
configure:15355: $? = 1
configure: failed program was:
| /* confdefs.h.  */
| #define PACKAGE_NAME "libao"
| #define PACKAGE_TARNAME "libao"
| #define PACKAGE_VERSION "1.0.0"
| #define PACKAGE_STRING "libao 1.0.0"
| #define PACKAGE_BUGREPORT "monty@xiph.org"
| #define PACKAGE "libao"
| #define VERSION "1.0.0"
| #define STDC_HEADERS 1
| #define HAVE_SYS_TYPES_H 1
| #define HAVE_SYS_STAT_H 1
| #define HAVE_STDLIB_H 1
| #define HAVE_STRING_H 1
| #define HAVE_MEMORY_H 1
| #define HAVE_STRINGS_H 1
| #define HAVE_INTTYPES_H 1
| #define HAVE_STDINT_H 1
| #define HAVE_UNISTD_H 1
| #define HAVE_DLFCN_H 1
| #define LT_OBJDIR ".libs/"
| #define HAVE_DLFCN_H 1
| #define HAVE_DLOPEN 1
| #define HAVE_LIBPTHREAD 1
| #define DLOPEN_FLAG (RTLD_LAZY)
| #define SHARED_LIB_EXT ".so"
| #define SIZEOF_SHORT 2
| #define SIZEOF_INT 4
| #define SIZEOF_LONG 4
| /* end confdefs.h.  */
| #include <X11/Xlib.h>
| int
| main ()
| {
| XrmInitialize ()
|   ;
|   return 0;
| }
configure:15403: result: no
configure:16493: checking for XauFileName in -lXau
configure:16528: gcc -o conftest -D__NO_MATH_INLINES -fsigned-char -g -O2 -DAO_BUILDING_LIBAO   conftest.c -lXau  -lpthread  >&5
ld: library not found for -lXau
collect2: ld returned 1 exit status
configure:16534: $? = 1
configure: failed program was:
| /* confdefs.h.  */
| #define PACKAGE_NAME "libao"
| #define PACKAGE_TARNAME "libao"
| #define PACKAGE_VERSION "1.0.0"
| #define PACKAGE_STRING "libao 1.0.0"
| #define PACKAGE_BUGREPORT "monty@xiph.org"
| #define PACKAGE "libao"
| #define VERSION "1.0.0"
| #define STDC_HEADERS 1
| #define HAVE_SYS_TYPES_H 1
| #define HAVE_SYS_STAT_H 1
| #define HAVE_STDLIB_H 1
| #define HAVE_STRING_H 1
| #define HAVE_MEMORY_H 1
| #define HAVE_STRINGS_H 1
| #define HAVE_INTTYPES_H 1
| #define HAVE_STDINT_H 1
| #define HAVE_UNISTD_H 1
| #define HAVE_DLFCN_H 1
| #define LT_OBJDIR ".libs/"
| #define HAVE_DLFCN_H 1
| #define HAVE_DLOPEN 1
| #define HAVE_LIBPTHREAD 1
| #define DLOPEN_FLAG (RTLD_LAZY)
| #define SHARED_LIB_EXT ".so"
| #define SIZEOF_SHORT 2
| #define SIZEOF_INT 4
| #define SIZEOF_LONG 4
| #define X_DISPLAY_MISSING 1
| /* end confdefs.h.  */
| 
| /* Override any GCC internal prototype to avoid an error.
|    Use char because int might match the return type of a GCC
|    builtin and then its argument prototype would still apply.  */
| #ifdef __cplusplus
| extern "C"
| #endif
| char XauFileName ();
| int
| main ()
| {
| return XauFileName ();
|   ;
|   return 0;
| }
configure:16552: result: no
configure:16560: checking for AuOpenServer in -laudio
configure:16595: gcc -o conftest -D__NO_MATH_INLINES -fsigned-char -g -O2 -DAO_BUILDING_LIBAO   conftest.c -laudio -lXau  -lpthread  >&5
ld: library not found for -laudio
collect2: ld returned 1 exit status
configure:16601: $? = 1
configure: failed program was:
| /* confdefs.h.  */
| #define PACKAGE_NAME "libao"
| #define PACKAGE_TARNAME "libao"
| #define PACKAGE_VERSION "1.0.0"
| #define PACKAGE_STRING "libao 1.0.0"
| #define PACKAGE_BUGREPORT "monty@xiph.org"
| #define PACKAGE "libao"
| #define VERSION "1.0.0"
| #define STDC_HEADERS 1
| #define HAVE_SYS_TYPES_H 1
| #define HAVE_SYS_STAT_H 1
| #define HAVE_STDLIB_H 1
| #define HAVE_STRING_H 1
| #define HAVE_MEMORY_H 1
| #define HAVE_STRINGS_H 1
| #define HAVE_INTTYPES_H 1
| #define HAVE_STDINT_H 1
| #define HAVE_UNISTD_H 1
| #define HAVE_DLFCN_H 1
| #define LT_OBJDIR ".libs/"
| #define HAVE_DLFCN_H 1
| #define HAVE_DLOPEN 1
| #define HAVE_LIBPTHREAD 1
| #define DLOPEN_FLAG (RTLD_LAZY)
| #define SHARED_LIB_EXT ".so"
| #define SIZEOF_SHORT 2
| #define SIZEOF_INT 4
| #define SIZEOF_LONG 4
| #define X_DISPLAY_MISSING 1
| /* end confdefs.h.  */
| 
| /* Override any GCC internal prototype to avoid an error.
|    Use char because int might match the return type of a GCC
|    builtin and then its argument prototype would still apply.  */
| #ifdef __cplusplus
| extern "C"
| #endif
| char AuOpenServer ();
| int
| main ()
| {
| return AuOpenServer ();
|   ;
|   return 0;
| }
configure:16619: result: no
configure:16640: checking audio/audiolib.h usability
configure:16657: gcc -c -D__NO_MATH_INLINES -fsigned-char -g -O2 -DAO_BUILDING_LIBAO   conftest.c >&5
conftest.c:64:28: error: audio/audiolib.h: No such file or directory
configure:16663: $? = 1
configure: failed program was:
| /* confdefs.h.  */
| #define PACKAGE_NAME "libao"
| #define PACKAGE_TARNAME "libao"
| #define PACKAGE_VERSION "1.0.0"
| #define PACKAGE_STRING "libao 1.0.0"
| #define PACKAGE_BUGREPORT "monty@xiph.org"
| #define PACKAGE "libao"
| #define VERSION "1.0.0"
| #define STDC_HEADERS 1
| #define HAVE_SYS_TYPES_H 1
| #define HAVE_SYS_STAT_H 1
| #define HAVE_STDLIB_H 1
| #define HAVE_STRING_H 1
| #define HAVE_MEMORY_H 1
| #define HAVE_STRINGS_H 1
| #define HAVE_INTTYPES_H 1
| #define HAVE_STDINT_H 1
| #define HAVE_UNISTD_H 1
| #define HAVE_DLFCN_H 1
| #define LT_OBJDIR ".libs/"
| #define HAVE_DLFCN_H 1
| #define HAVE_DLOPEN 1
| #define HAVE_LIBPTHREAD 1
| #define DLOPEN_FLAG (RTLD_LAZY)
| #define SHARED_LIB_EXT ".so"
| #define SIZEOF_SHORT 2
| #define SIZEOF_INT 4
| #define SIZEOF_LONG 4
| #define X_DISPLAY_MISSING 1
| /* end confdefs.h.  */
| #include <stdio.h>
| #ifdef HAVE_SYS_TYPES_H
| # include <sys/types.h>
| #endif
| #ifdef HAVE_SYS_STAT_H
| # include <sys/stat.h>
| #endif
| #ifdef STDC_HEADERS
| # include <stdlib.h>
| # include <stddef.h>
| #else
| # ifdef HAVE_STDLIB_H
| #  include <stdlib.h>
| # endif
| #endif
| #ifdef HAVE_STRING_H
| # if !defined STDC_HEADERS && defined HAVE_MEMORY_H
| #  include <memory.h>
| # endif
| # include <string.h>
| #endif
| #ifdef HAVE_STRINGS_H
| # include <strings.h>
| #endif
| #ifdef HAVE_INTTYPES_H
| # include <inttypes.h>
| #endif
| #ifdef HAVE_STDINT_H
| # include <stdint.h>
| #endif
| #ifdef HAVE_UNISTD_H
| # include <unistd.h>
| #endif
| #include <audio/audiolib.h>
configure:16677: result: no
configure:16681: checking audio/audiolib.h presence
configure:16696: gcc -E   conftest.c
conftest.c:31:28: error: audio/audiolib.h: No such file or directory
configure:16702: $? = 1
configure: failed program was:
| /* confdefs.h.  */
| #define PACKAGE_NAME "libao"
| #define PACKAGE_TARNAME "libao"
| #define PACKAGE_VERSION "1.0.0"
| #define PACKAGE_STRING "libao 1.0.0"
| #define PACKAGE_BUGREPORT "monty@xiph.org"
| #define PACKAGE "libao"
| #define VERSION "1.0.0"
| #define STDC_HEADERS 1
| #define HAVE_SYS_TYPES_H 1
| #define HAVE_SYS_STAT_H 1
| #define HAVE_STDLIB_H 1
| #define HAVE_STRING_H 1
| #define HAVE_MEMORY_H 1
| #define HAVE_STRINGS_H 1
| #define HAVE_INTTYPES_H 1
| #define HAVE_STDINT_H 1
| #define HAVE_UNISTD_H 1
| #define HAVE_DLFCN_H 1
| #define LT_OBJDIR ".libs/"
| #define HAVE_DLFCN_H 1
| #define HAVE_DLOPEN 1
| #define HAVE_LIBPTHREAD 1
| #define DLOPEN_FLAG (RTLD_LAZY)
| #define SHARED_LIB_EXT ".so"
| #define SIZEOF_SHORT 2
| #define SIZEOF_INT 4
| #define SIZEOF_LONG 4
| #define X_DISPLAY_MISSING 1
| /* end confdefs.h.  */
| #include <audio/audiolib.h>
configure:16716: result: no
configure:16749: checking for audio/audiolib.h
configure:16756: result: no
configure:16808: checking for pkg-config
configure:16839: result: no
configure:17179: creating ./config.status

## ---------------------- ##
## Running config.status. ##
## ---------------------- ##

This file was extended by libao config.status 1.0.0, which was
generated by GNU Autoconf 2.61.  Invocation command line was

  CONFIG_FILES    = 
  CONFIG_HEADERS  = 
  CONFIG_LINKS    = 
  CONFIG_COMMANDS = 
  $ ./config.status 

on Macintosh-528.local

config.status:909: creating Makefile
config.status:909: creating src/Makefile
config.status:909: creating doc/Makefile
config.status:909: creating include/Makefile
config.status:909: creating include/ao/Makefile
config.status:909: creating include/ao/os_types.h
config.status:909: creating src/plugins/Makefile
config.status:909: creating src/plugins/esd/Makefile
config.status:909: creating src/plugins/oss/Makefile
config.status:909: creating src/plugins/alsa/Makefile
config.status:909: creating src/plugins/sun/Makefile
config.status:909: creating src/plugins/irix/Makefile
config.status:909: creating src/plugins/arts/Makefile
config.status:909: creating src/plugins/macosx/Makefile
config.status:909: creating src/plugins/nas/Makefile
config.status:909: creating src/plugins/pulse/Makefile
config.status:909: creating src/plugins/sndio/Makefile
config.status:909: creating src/plugins/roar/Makefile
config.status:909: creating ao.pc
config.status:1094: executing depfiles commands
config.status:1094: executing libtool commands
configure:19428: result:
------------------------------------------------------------------------
  libao 1.0.0:  Automatic configuration OK.

  Backends to be built:

    AU file output: .............. yes
    RAW file output: ............. yes
    WAV file output: ............. yes

    AIX live output: ............. no
    ALSA live output: ............ no
    ARTS live output: ............ no
    ESD live output: ............. no
    IRIX live output: ............ no
    MACOSX live output: .......... yes
    NAS live output: ............. no
    NULL live output: ............ yes
    OSS live output: ............. no
    PULSE live output: ........... no
    ROAR live output: ............ no
    SNDIO live output: ........... no
    SUN live output: ............. no
    Windows WMM live output: ..... no

  Installation paths:

    libtheora: ................... /Users/matt/Code/pianobar/libao/build/lib
    C header files: .............. /Users/matt/Code/pianobar/libao/build/include/ao
    Documentation: ............... /Users/matt/Code/pianobar/libao/build/share/doc/libao

  Building:

    Type 'make' to compile libao.

    Type 'make install' to install libao.

------------------------------------------------------------------------


## ---------------- ##
## Cache variables. ##
## ---------------- ##

ac_cv_build=i386-apple-darwin10.3.0
ac_cv_c_compiler_gnu=yes
ac_cv_env_CC_set=
ac_cv_env_CC_value=
ac_cv_env_CFLAGS_set=
ac_cv_env_CFLAGS_value=
ac_cv_env_CPPFLAGS_set=
ac_cv_env_CPPFLAGS_value=
ac_cv_env_CPP_set=
ac_cv_env_CPP_value=
ac_cv_env_LDFLAGS_set=
ac_cv_env_LDFLAGS_value=
ac_cv_env_LIBS_set=
ac_cv_env_LIBS_value=
ac_cv_env_XMKMF_set=
ac_cv_env_XMKMF_value=
ac_cv_env_build_alias_set=
ac_cv_env_build_alias_value=
ac_cv_env_host_alias_set=
ac_cv_env_host_alias_value=
ac_cv_env_target_alias_set=
ac_cv_env_target_alias_value=
ac_cv_have_x=have_x=no
ac_cv_header_alsa_asoundlib_h=no
ac_cv_header_audio_audiolib_h=no
ac_cv_header_dlfcn_h=yes
ac_cv_header_inttypes_h=yes
ac_cv_header_machine_soundcard_h=no
ac_cv_header_memory_h=yes
ac_cv_header_mmsystem_h=no
ac_cv_header_roaraudio_h=no
ac_cv_header_sndio_h=no
ac_cv_header_stdc=yes
ac_cv_header_stdint_h=yes
ac_cv_header_stdlib_h=yes
ac_cv_header_string_h=yes
ac_cv_header_strings_h=yes
ac_cv_header_sys_audioio_h=no
ac_cv_header_sys_soundcard_h=no
ac_cv_header_sys_stat_h=yes
ac_cv_header_sys_types_h=yes
ac_cv_header_unistd_h=yes
ac_cv_host=i386-apple-darwin10.3.0
ac_cv_lib_Xau_XauFileName=no
ac_cv_lib_asound_snd_pcm_open=no
ac_cv_lib_audio_AuOpenServer=no
ac_cv_lib_dl_dlopen=yes
ac_cv_lib_pthread_pthread_kill=yes
ac_cv_objext=o
ac_cv_path_EGREP='/usr/bin/grep -E'
ac_cv_path_ESD_CONFIG=no
ac_cv_path_FGREP='/usr/bin/grep -F'
ac_cv_path_GREP=/usr/bin/grep
ac_cv_path_PKG_CONFIG=no
ac_cv_path_SED=/usr/bin/sed
ac_cv_path_install='/usr/bin/install -c'
ac_cv_prog_AWK=awk
ac_cv_prog_CPP='gcc -E'
ac_cv_prog_ac_ct_AR=ar
ac_cv_prog_ac_ct_CC=gcc
ac_cv_prog_ac_ct_DSYMUTIL=dsymutil
ac_cv_prog_ac_ct_LIPO=lipo
ac_cv_prog_ac_ct_NMEDIT=nmedit
ac_cv_prog_ac_ct_OBJDUMP=objdump
ac_cv_prog_ac_ct_OTOOL=otool
ac_cv_prog_ac_ct_RANLIB=ranlib
ac_cv_prog_ac_ct_STRIP=strip
ac_cv_prog_cc_c89=
ac_cv_prog_cc_g=yes
ac_cv_prog_make_make_set=yes
ac_cv_search_dlopen='none required'
ac_cv_sizeof_int=4
ac_cv_sizeof_long=4
ac_cv_sizeof_short=2
ac_cv_type_int=yes
ac_cv_type_long=yes
ac_cv_type_short=yes
am_cv_CC_dependencies_compiler_type=gcc3
lt_cv_apple_cc_single_mod=yes
lt_cv_deplibs_check_method=pass_all
lt_cv_dlopen=dlopen
lt_cv_dlopen_libs=-ldl
lt_cv_dlopen_self=yes
lt_cv_dlopen_self_static=yes
lt_cv_file_magic_cmd='$MAGIC_CMD'
lt_cv_file_magic_test_file=
lt_cv_ld_exported_symbols_list=yes
lt_cv_ld_reload_flag=-r
lt_cv_nm_interface='BSD nm'
lt_cv_objdir=.libs
lt_cv_path_LD=/Developer/usr/libexec/gcc/i686-apple-darwin10/4.2.1/ld
lt_cv_path_NM=/Developer/usr/bin/nm
lt_cv_prog_compiler_c_o=yes
lt_cv_prog_compiler_pic_works=yes
lt_cv_prog_compiler_rtti_exceptions=no
lt_cv_prog_compiler_static_works=no
lt_cv_prog_gnu_ld=no
lt_cv_sys_global_symbol_pipe='sed -n -e '\''s/^.*[	 ]\([BCDEGRST][BCDEGRST]*\)[	 ][	 ]*_\([_A-Za-z][_A-Za-z0-9]*\)$/\1 _\2 \2/p'\'''
lt_cv_sys_global_symbol_to_c_name_address='sed -n -e '\''s/^: \([^ ]*\) $/  {\"\1\", (void *) 0},/p'\'' -e '\''s/^[BCDEGRST]* \([^ ]*\) \([^ ]*\)$/  {"\2", (void *) \&\2},/p'\'''
lt_cv_sys_global_symbol_to_c_name_address_lib_prefix='sed -n -e '\''s/^: \([^ ]*\) $/  {\"\1\", (void *) 0},/p'\'' -e '\''s/^[BCDEGRST]* \([^ ]*\) \(lib[^ ]*\)$/  {"\2", (void *) \&\2},/p'\'' -e '\''s/^[BCDEGRST]* \([^ ]*\) \([^ ]*\)$/  {"lib\2", (void *) \&\2},/p'\'''
lt_cv_sys_global_symbol_to_cdecl='sed -n -e '\''s/^T .* \(.*\)$/extern int \1();/p'\'' -e '\''s/^[BCDEGRST]* .* \(.*\)$/extern char \1;/p'\'''
lt_cv_sys_max_cmd_len=196608

## ----------------- ##
## Output variables. ##
## ----------------- ##

ACLOCAL='${SHELL} /Users/matt/Code/pianobar/libao/missing --run aclocal-1.9'
ALSA_LIBS=''
AMDEPBACKSLASH='\'
AMDEP_FALSE='#'
AMDEP_TRUE=''
AMTAR='${SHELL} /Users/matt/Code/pianobar/libao/missing --run tar'
AR='ar'
ARTSC_CONFIG=''
ARTSGLIB_CFLAGS=''
ARTSGLIB_LIBS=''
ARTS_CFLAGS=''
ARTS_LIBS=''
AS='as'
AUTOCONF='${SHELL} /Users/matt/Code/pianobar/libao/missing --run autoconf'
AUTOHEADER='${SHELL} /Users/matt/Code/pianobar/libao/missing --run autoheader'
AUTOMAKE='${SHELL} /Users/matt/Code/pianobar/libao/missing --run automake-1.9'
AWK='awk'
BINDIR='/Users/matt/Code/pianobar/libao/build/bin'
CC='gcc'
CCDEPMODE='depmode=gcc3'
CFLAGS='-D__NO_MATH_INLINES -fsigned-char -g -O2 -DAO_BUILDING_LIBAO'
CPP='gcc -E'
CPPFLAGS=''
CYGPATH_W='echo'
DEBUG='-g -Wall -D__NO_MATH_INLINES -fsigned-char -g -O2 -DAO_BUILDING_LIBAO'
DEFS='-DPACKAGE_NAME=\"libao\" -DPACKAGE_TARNAME=\"libao\" -DPACKAGE_VERSION=\"1.0.0\" -DPACKAGE_STRING=\"libao\ 1.0.0\" -DPACKAGE_BUGREPORT=\"monty@xiph.org\" -DPACKAGE=\"libao\" -DVERSION=\"1.0.0\" -DSTDC_HEADERS=1 -DHAVE_SYS_TYPES_H=1 -DHAVE_SYS_STAT_H=1 -DHAVE_STDLIB_H=1 -DHAVE_STRING_H=1 -DHAVE_MEMORY_H=1 -DHAVE_STRINGS_H=1 -DHAVE_INTTYPES_H=1 -DHAVE_STDINT_H=1 -DHAVE_UNISTD_H=1 -DHAVE_DLFCN_H=1 -DLT_OBJDIR=\".libs/\" -DHAVE_DLFCN_H=1 -DHAVE_DLOPEN=1 -DHAVE_LIBPTHREAD=1 -DDLOPEN_FLAG=\(RTLD_LAZY\) -DSHARED_LIB_EXT=\".so\" -DSIZEOF_SHORT=2 -DSIZEOF_INT=4 -DSIZEOF_LONG=4 -DX_DISPLAY_MISSING=1'
DEPDIR='.deps'
DLLTOOL='dlltool'
DOCDIR='/Users/matt/Code/pianobar/libao/build/share/doc/libao'
DSYMUTIL='dsymutil'
DUMPBIN=''
ECHO_C=''
ECHO_N='-n'
ECHO_T=''
EGREP='/usr/bin/grep -E'
ESD_CFLAGS=''
ESD_CONFIG='no'
ESD_LIBS=''
EXEEXT=''
FGREP='/usr/bin/grep -F'
GREP='/usr/bin/grep'
HAVE_AIX_AUDIO_FALSE=''
HAVE_AIX_AUDIO_TRUE='#'
HAVE_ALSA_FALSE=''
HAVE_ALSA_TRUE='#'
HAVE_ARTS_FALSE=''
HAVE_ARTS_TRUE='#'
HAVE_ESD_FALSE=''
HAVE_ESD_TRUE='#'
HAVE_IRIX_FALSE=''
HAVE_IRIX_TRUE='#'
HAVE_MACOSX_FALSE='#'
HAVE_MACOSX_TRUE=''
HAVE_NAS_FALSE=''
HAVE_NAS_TRUE='#'
HAVE_OSS_FALSE=''
HAVE_OSS_TRUE='#'
HAVE_PULSE_FALSE=''
HAVE_PULSE_TRUE='#'
HAVE_ROAR_AUDIO_FALSE=''
HAVE_ROAR_AUDIO_TRUE='#'
HAVE_SNDIO_AUDIO_FALSE=''
HAVE_SNDIO_AUDIO_TRUE='#'
HAVE_SOLARIS_FALSE=''
HAVE_SOLARIS_TRUE='#'
HAVE_SUN_AUDIO_FALSE=''
HAVE_SUN_AUDIO_TRUE='#'
HAVE_WMM_FALSE=''
HAVE_WMM_TRUE='#'
INCLUDEDIR='/Users/matt/Code/pianobar/libao/build/include'
INSTALL_DATA='${INSTALL} -m 644'
INSTALL_PROGRAM='${INSTALL}'
INSTALL_SCRIPT='${INSTALL}'
INSTALL_STRIP_PROGRAM='${SHELL} $(install_sh) -c -s'
LD='/Developer/usr/libexec/gcc/i686-apple-darwin10/4.2.1/ld'
LDFLAGS=''
LIBAO_LA_LDFLAGS=''
LIBDIR='/Users/matt/Code/pianobar/libao/build/lib'
LIBOBJS=''
LIBS='-lpthread '
LIBTOOL='$(SHELL) $(top_builddir)/libtool'
LIB_AGE='0'
LIB_CURRENT='4'
LIB_REVISION='0'
LIPO='lipo'
LN_S='ln -s'
LTLIBOBJS=''
MAINT='#'
MAINTAINER_MODE_FALSE=''
MAINTAINER_MODE_TRUE='#'
MAKEINFO='${SHELL} /Users/matt/Code/pianobar/libao/missing --run makeinfo'
NAS_CFLAGS=''
NAS_LIBS=''
NM='/Developer/usr/bin/nm'
NMEDIT='nmedit'
OBJDUMP='objdump'
OBJEXT='o'
OTOOL64=':'
OTOOL='otool'
PACKAGE='libao'
PACKAGE_BUGREPORT='monty@xiph.org'
PACKAGE_NAME='libao'
PACKAGE_STRING='libao 1.0.0'
PACKAGE_TARNAME='libao'
PACKAGE_VERSION='1.0.0'
PATH_SEPARATOR=':'
PKG_CONFIG='no'
PLUGIN_LDFLAGS='-module -avoid-version'
PROFILE='-g -pg -D__NO_MATH_INLINES -fsigned-char -g -O2 -DAO_BUILDING_LIBAO'
PULSE_CFLAGS=''
PULSE_LIBS=''
RANLIB='ranlib'
SED='/usr/bin/sed'
SET_MAKE=''
SHELL='/bin/sh'
SIZE16='short'
SIZE32='int'
STRIP='strip'
VERSION='1.0.0'
WMM_LIBS=''
XMKMF=''
X_CFLAGS=''
X_EXTRA_LIBS=''
X_LIBS=''
X_PRE_LIBS=''
ac_ct_CC='gcc'
ac_ct_DUMPBIN=''
am__fastdepCC_FALSE='#'
am__fastdepCC_TRUE=''
am__include='include'
am__leading_dot='.'
am__quote=''
am__tar='${AMTAR} chof - "$$tardir"'
am__untar='${AMTAR} xf -'
bindir='${exec_prefix}/bin'
build='i386-apple-darwin10.3.0'
build_alias=''
build_cpu='i386'
build_os='darwin10.3.0'
build_vendor='apple'
datadir='${datarootdir}'
datarootdir='${prefix}/share'
docdir='${datarootdir}/doc/${PACKAGE_TARNAME}'
dvidir='${docdir}'
exec_prefix='${prefix}'
host='i386-apple-darwin10.3.0'
host_alias=''
host_cpu='i386'
host_os='darwin10.3.0'
host_vendor='apple'
htmldir='${docdir}'
includedir='${prefix}/include'
infodir='${datarootdir}/info'
install_sh='/Users/matt/Code/pianobar/libao/install-sh'
libdir='${exec_prefix}/lib'
libexecdir='${exec_prefix}/libexec'
localedir='${datarootdir}/locale'
localstatedir='${prefix}/var'
lt_ECHO='echo'
mandir='${datarootdir}/man'
mkdir_p='$(install_sh) -d'
oldincludedir='/usr/include'
pdfdir='${docdir}'
plugindir='${exec_prefix}/lib/ao/plugins-4'
prefix='/Users/matt/Code/pianobar/libao/build'
program_transform_name='s,x,x,'
psdir='${docdir}'
sbindir='${exec_prefix}/sbin'
sharedstatedir='${prefix}/com'
sysconfdir='${prefix}/etc'
target_alias=''

## ----------- ##
## confdefs.h. ##
## ----------- ##

#define PACKAGE_NAME "libao"
#define PACKAGE_TARNAME "libao"
#define PACKAGE_VERSION "1.0.0"
#define PACKAGE_STRING "libao 1.0.0"
#define PACKAGE_BUGREPORT "monty@xiph.org"
#define PACKAGE "libao"
#define VERSION "1.0.0"
#define STDC_HEADERS 1
#define HAVE_SYS_TYPES_H 1
#define HAVE_SYS_STAT_H 1
#define HAVE_STDLIB_H 1
#define HAVE_STRING_H 1
#define HAVE_MEMORY_H 1
#define HAVE_STRINGS_H 1
#define HAVE_INTTYPES_H 1
#define HAVE_STDINT_H 1
#define HAVE_UNISTD_H 1
#define HAVE_DLFCN_H 1
#define LT_OBJDIR ".libs/"
#define HAVE_DLFCN_H 1
#define HAVE_DLOPEN 1
#define HAVE_LIBPTHREAD 1
#define DLOPEN_FLAG (RTLD_LAZY)
#define SHARED_LIB_EXT ".so"
#define SIZEOF_SHORT 2
#define SIZEOF_INT 4
#define SIZEOF_LONG 4
#define X_DISPLAY_MISSING 1

configure: exit 0
